[[Variables]]
    D:            82.1512683 +/- 0.552444 (0.67%) (init= 69.2)
    Cb:           1.38772575 +/- 0.006598 (0.48%) (init= 1.25)
    Cr:           1.46234279 +/- 0.006195 (0.42%) (init= 1.25)
    Cc:           1.42503427 +/- 0.005376 (0.38%)  == '(Cb+Cr)/2'
    F_b:          0.152574 (fixed)
    tf_b:         1.001603e-05 (fixed)
    F_r:          0 (fixed)
    tf_r:         1e-06 (fixed)
    delta_z:      0.58329867 +/- 0.002371 (0.41%) (init= 0.5)
    w0_b:         0.3026182 (fixed)
    w0_r:         0.3716951 (fixed)
    a_b:          0.522 (fixed)
    a_r:          0.652 (fixed)
    r0_b:         0.1199003 (fixed)
    r0_r:         0.1487353 (fixed)
    lambdaex_b:   0.488 (fixed)
    lambdaem_b:   0.519 (fixed)
    lambdaex_r:   0.633 (fixed)
    lambdaem_r:   0.657 (fixed)
    n:            1.33 (fixed)
[[Correlations]] (unreported correlations are <  0.100)
    C(D, Cr)                     = -0.663 
    C(D, Cb)                     = -0.625 
    C(Cb, delta_z)               = -0.437 
    C(Cb, Cr)                    =  0.412 
    C(Cr, delta_z)               = -0.403 
    C(D, delta_z)                =  0.209 
