Color: R
[[Model]]
    Model(g)
[[Fit Statistics]]
    # function evals   = 29
    # data points      = 133
    # variables        = 3
    chi-square         = 282.018
    reduced chi-square = 2.169
[[Variables]]
    C:     1.64286072 +/- 0.032939 (2.01%) (init= 1.104339)
    wxy:   0.37597726 +/- 0.001046 (0.28%) (init= 0.3)
    D:     404.98 (fixed)
    wz:    2.41212210 +/- 0.055672 (2.31%) (init= 1)
[[Correlations]] (unreported correlations are <  0.100)
    C(C, wz)                     = -0.993 
    C(wxy, wz)                   = -0.722 
    C(C, wxy)                    =  0.642 
[[Model]]
    Model(g_t)
[[Fit Statistics]]
    # function evals   = 31
    # data points      = 133
    # variables        = 5
    chi-square         = 282.018
    reduced chi-square = 2.203
[[Variables]]
    C:     1.64286062 +/- 0        (0.00%) (init= 1.104339)
    D:     404.98 (fixed)
    F:     0.02000000 +/- 0        (0.00%) (init= 0.02)
    wxy:   0.37597727 +/- 0        (0.00%) (init= 0.3759773)
    tf:    1.0000e-09 +/- 0        (0.00%) (init= 1e-09)
    wz:    2.41212219 +/- 0        (0.00%) (init= 2.412122)
[[Correlations]] (unreported correlations are <  0.100)
[[Model]]
    Model(g_n)
[[Fit Statistics]]
    # function evals   = 21
    # data points      = 133
    # variables        = 3
    chi-square         = 213.883
    reduced chi-square = 1.645
[[Variables]]
    a:          0.652 (fixed)
    C:          1.26096261 +/- 0.016023 (1.27%) (init= 1.104339)
    r0:         0.13969303 +/- 0.001772 (1.27%) (init= 0.16)
    D:          404.98 (fixed)
    lambdaem:   0.657 (fixed)
    w0:         0.33138049 +/- 0.002044 (0.62%) (init= 0.25)
    lambdaex:   0.633 (fixed)
    n:          1.33 (fixed)
[[Correlations]] (unreported correlations are <  0.100)
    C(C, r0)                     = -0.991 
    C(r0, w0)                    = -0.904 
    C(C, w0)                     =  0.849 
[[Model]]
    Model(g_nt)
[[Fit Statistics]]
    # function evals   = 49
    # data points      = 133
    # variables        = 5
    chi-square         = 147.343
    reduced chi-square = 1.151
[[Variables]]
    a:          0.652 (fixed)
    C:          1.29077866 +/- 0.014917 (1.16%) (init= 1.104339)
    r0:         0.13595969 +/- 0.001648 (1.21%) (init= 0.139693)
    D:          404.98 (fixed)
    F:          0.05086736 +/- 0.007651 (15.04%) (init= 0.02)
    lambdaem:   0.657 (fixed)
    w0:         0.33828129 +/- 0.002183 (0.65%) (init= 0.3313805)
    tf:         2.7382e-06 +/- 7.27e-07 (26.56%) (init= 5e-07)
    lambdaex:   0.633 (fixed)
    n:          1.33 (fixed)
[[Correlations]] (unreported correlations are <  0.100)
    C(C, r0)                     = -0.991 
    C(r0, w0)                    = -0.910 
    C(C, w0)                     =  0.854 
    C(F, tf)                     = -0.551 
    C(w0, tf)                    =  0.445 
    C(r0, tf)                    = -0.298 
    C(C, tf)                     =  0.262 
    C(F, w0)                     =  0.101 
[[Model]]
    Model(g_n, k='<function k_real at 0x11f7e3230>')
[[Fit Statistics]]
    # function evals   = 34
    # data points      = 133
    # variables        = 3
    chi-square         = 201.549
    reduced chi-square = 1.550
[[Variables]]
    a:          0.652 (fixed)
    C:          0.85991934 +/- 0.009641 (1.12%) (init= 1.104339)
    r0:         0.18493713 +/- 0.001969 (1.07%) (init= 0.16)
    D:          404.98 (fixed)
    lambdaem:   0.657 (fixed)
    w0:         0.31870821 +/- 0.002162 (0.68%) (init= 0.25)
    lambdaex:   0.633 (fixed)
    n:          1.33 (fixed)
[[Correlations]] (unreported correlations are <  0.100)
    C(C, r0)                     = -0.991 
    C(r0, w0)                    = -0.897 
    C(C, w0)                     =  0.839 
[[Model]]
    Model(g_nt, k='<function k_real at 0x11f7e3230>')
[[Fit Statistics]]
    # function evals   = 67
    # data points      = 133
    # variables        = 5
    chi-square         = 147.099
    reduced chi-square = 1.149
[[Variables]]
    a:          0.652 (fixed)
    C:          0.87518877 +/- 0.009142 (1.04%) (init= 1.104339)
    r0:         0.18138477 +/- 0.001886 (1.04%) (init= 0.139693)
    D:          404.98 (fixed)
    F:          0.05071779 +/- 0.008760 (17.27%) (init= 0.02)
    lambdaem:   0.657 (fixed)
    w0:         0.32496236 +/- 0.002313 (0.71%) (init= 0.3313805)
    tf:         2.1271e-06 +/- 6.23e-07 (29.27%) (init= 5e-07)
    lambdaex:   0.633 (fixed)
    n:          1.33 (fixed)
[[Correlations]] (unreported correlations are <  0.100)
    C(C, r0)                     = -0.990 
    C(r0, w0)                    = -0.905 
    C(C, w0)                     =  0.847 
    C(F, tf)                     = -0.597 
    C(w0, tf)                    =  0.415 
    C(r0, tf)                    = -0.274 
    C(C, tf)                     =  0.240 
