Color: R
[[Model]]
    Model(g)
[[Fit Statistics]]
    # function evals   = 31
    # data points      = 133
    # variables        = 3
    chi-square         = 320.748
    reduced chi-square = 2.467
[[Variables]]
    C:     3.20587825 +/- 0.074762 (2.33%) (init= 2.208678)
    wxy:   0.38015213 +/- 0.001056 (0.28%) (init= 0.3)
    wz:    2.57018317 +/- 0.067772 (2.64%) (init= 1)
    D:     404.98 (fixed)
[[Correlations]] (unreported correlations are <  0.100)
    C(C, wz)                     = -0.995 
    C(wxy, wz)                   = -0.721 
    C(C, wxy)                    =  0.652 

[[Model]]
    Model(g_t)
[[Fit Statistics]]
    # function evals   = 33
    # data points      = 133
    # variables        = 5
    chi-square         = 320.748
    reduced chi-square = 2.506
[[Variables]]
    C:     3.20587680 +/- 0        (0.00%) (init= 2.208678)
    wxy:   0.38015215 +/- 0        (0.00%) (init= 0.3801521)
    wz:    2.57018423 +/- 0        (0.00%) (init= 2.570183)
    D:     404.98 (fixed)
    F:     0.02000000 +/- 0        (0.00%) (init= 0.02)
    tf:    1.0000e-09 +/- 0        (0.00%) (init= 1e-09)
[[Correlations]] (unreported correlations are <  0.100)

[[Model]]
    Model(g_n)
[[Fit Statistics]]
    # function evals   = 23
    # data points      = 133
    # variables        = 3
    chi-square         = 219.721
    reduced chi-square = 1.690
[[Variables]]
    D:          404.98 (fixed)
    C:          2.58706877 +/- 0.031837 (1.23%) (init= 2.208678)
    w0:         0.33160741 +/- 0.001998 (0.60%) (init= 0.25)
    a:          0.652 (fixed)
    r0:         0.14755250 +/- 0.001838 (1.25%) (init= 0.16)
    lambdaex:   0.633 (fixed)
    lambdaem:   0.657 (fixed)
    n:          1.33 (fixed)
[[Correlations]] (unreported correlations are <  0.100)
    C(C, r0)                     = -0.992 
    C(w0, r0)                    = -0.906 
    C(C, w0)                     =  0.853 

[[Model]]
    Model(g_nt)
[[Fit Statistics]]
    # function evals   = 83
    # data points      = 133
    # variables        = 5
    chi-square         = 146.644
    reduced chi-square = 1.146
[[Variables]]
    D:          404.98 (fixed)
    C:          2.65865123 +/- 0.030097 (1.13%) (init= 2.208678)
    w0:         0.33973338 +/- 0.002252 (0.66%) (init= 0.3316074)
    a:          0.652 (fixed)
    r0:         0.14290443 +/- 0.001739 (1.22%) (init= 0.1475525)
    lambdaex:   0.633 (fixed)
    lambdaem:   0.657 (fixed)
    n:          1.33 (fixed)
    F:          0.04667379 +/- 0.006351 (13.61%) (init= 0.02)
    tf:         3.6610e-06 +/- 9.17e-07 (25.05%) (init= 5e-07)
[[Correlations]] (unreported correlations are <  0.100)
    C(C, r0)                     = -0.992 
    C(w0, r0)                    = -0.913 
    C(C, w0)                     =  0.859 
    C(w0, tf)                    =  0.497 
    C(F, tf)                     = -0.473 
    C(r0, tf)                    = -0.337 
    C(C, tf)                     =  0.299 
    C(w0, F)                     =  0.161 
    C(r0, F)                     = -0.133 
    C(C, F)                      =  0.122 

[[Model]]
    Model(g_n, k='<function k_real at 0x10df538c0>')
[[Fit Statistics]]
    # function evals   = 29
    # data points      = 133
    # variables        = 3
    chi-square         = 199.461
    reduced chi-square = 1.534
[[Variables]]
    D:          404.98 (fixed)
    C:          1.79660863 +/- 0.018672 (1.04%) (init= 2.208678)
    w0:         0.31864001 +/- 0.002051 (0.64%) (init= 0.25)
    a:          0.652 (fixed)
    r0:         0.19445414 +/- 0.001968 (1.01%) (init= 0.16)
    lambdaex:   0.633 (fixed)
    lambdaem:   0.657 (fixed)
    n:          1.33 (fixed)
[[Correlations]] (unreported correlations are <  0.100)
    C(C, r0)                     = -0.991 
    C(w0, r0)                    = -0.896 
    C(C, w0)                     =  0.840 

[[Model]]
    Model(g_nt, k='<function k_real at 0x10df538c0>')
[[Fit Statistics]]
    # function evals   = 74
    # data points      = 133
    # variables        = 5
    chi-square         = 141.884
    reduced chi-square = 1.108
[[Variables]]
    D:          404.98 (fixed)
    C:          1.83283463 +/- 0.016955 (0.93%) (init= 2.208678)
    w0:         0.32591604 +/- 0.002209 (0.68%) (init= 0.3316074)
    a:          0.652 (fixed)
    r0:         0.19012588 +/- 0.001810 (0.95%) (init= 0.1475525)
    lambdaex:   0.633 (fixed)
    lambdaem:   0.657 (fixed)
    n:          1.33 (fixed)
    F:          0.04498433 +/- 0.007037 (15.64%) (init= 0.02)
    tf:         2.9062e-06 +/- 8.00e-07 (27.54%) (init= 5e-07)
[[Correlations]] (unreported correlations are <  0.100)
    C(C, r0)                     = -0.990 
    C(w0, r0)                    = -0.896 
    C(C, w0)                     =  0.833 
    C(F, tf)                     = -0.535 
    C(w0, tf)                    =  0.464 
    C(r0, tf)                    = -0.298 
    C(C, tf)                     =  0.259 
    C(w0, F)                     =  0.113 

