Color: R
[[Model]]
    Model(g)
[[Fit Statistics]]
    # function evals   = 11
    # data points      = 141
    # variables        = 1
    chi-square         = 325.590
    reduced chi-square = 2.326
[[Variables]]
    C:     1.59809927 +/- 0.001691 (0.11%) (init= 1.104339)
    wxy:   0.3770193 (fixed)
    D:     404.98 (fixed)
    wz:    2.474404 (fixed)
[[Correlations]] (unreported correlations are <  0.100)
[[Model]]
    Model(g_t)
[[Fit Statistics]]
    # function evals   = 37
    # data points      = 141
    # variables        = 3
    chi-square         = 201.132
    reduced chi-square = 1.457
[[Variables]]
    C:     1.68931998 +/- 0.001828 (0.11%) (init= 1.104339)
    D:     404.98 (fixed)
    F:     0.05185200 +/- 0.004103 (7.91%) (init= 0.05396049)
    wxy:   0.3849938 (fixed)
    tf:    1.2164e-05 +/- 1.77e-06 (14.59%) (init= 8.596833e-06)
    wz:    2.295315 (fixed)
[[Correlations]] (unreported correlations are <  0.100)
    C(F, tf)                     = -0.595 
    C(C, tf)                     =  0.454 
[[Model]]
    Model(g_n)
[[Fit Statistics]]
    # function evals   = 9
    # data points      = 141
    # variables        = 1
    chi-square         = 261.172
    reduced chi-square = 1.866
[[Variables]]
    a:          0.652 (fixed)
    C:          1.22660595 +/- 0.001162 (0.09%) (init= 1.104339)
    r0:         0.1430514 (fixed)
    D:          404.98 (fixed)
    lambdaem:   0.657 (fixed)
    w0:         0.3303347 (fixed)
    lambdaex:   0.633 (fixed)
    n:          1.33 (fixed)
[[Correlations]] (unreported correlations are <  0.100)
[[Model]]
    Model(g_nt)
[[Fit Statistics]]
    # function evals   = 45
    # data points      = 141
    # variables        = 3
    chi-square         = 191.170
    reduced chi-square = 1.385
[[Variables]]
    a:          0.652 (fixed)
    C:          1.26502775 +/- 0.001167 (0.09%) (init= 1.104339)
    r0:         0.1381977 (fixed)
    D:          404.98 (fixed)
    F:          0.04675515 +/- 0.006139 (13.13%) (init= 0.04786999)
    lambdaem:   0.657 (fixed)
    w0:         0.3391803 (fixed)
    tf:         4.9904e-06 +/- 1.06e-06 (21.20%) (init= 3.931872e-06)
    lambdaex:   0.633 (fixed)
    n:          1.33 (fixed)
[[Correlations]] (unreported correlations are <  0.100)
    C(F, tf)                     = -0.674 
    C(C, tf)                     =  0.330 
[[Model]]
    Model(g_n, k='<function k_real at 0x11b87f938>')
[[Fit Statistics]]
    # function evals   = 11
    # data points      = 141
    # variables        = 1
    chi-square         = 245.796
    reduced chi-square = 1.756
[[Variables]]
    a:          0.652 (fixed)
    C:          0.83746998 +/- 0.000770 (0.09%) (init= 1.104339)
    r0:         0.1890327 (fixed)
    D:          404.98 (fixed)
    lambdaem:   0.657 (fixed)
    w0:         0.3173604 (fixed)
    lambdaex:   0.633 (fixed)
    n:          1.33 (fixed)
[[Correlations]] (unreported correlations are <  0.100)
[[Model]]
    Model(g_nt, k='<function k_real at 0x11b87f938>')
[[Fit Statistics]]
    # function evals   = 29
    # data points      = 141
    # variables        = 3
    chi-square         = 189.308
    reduced chi-square = 1.372
[[Variables]]
    a:          0.652 (fixed)
    C:          0.85690596 +/- 0.000760 (0.09%) (init= 1.104339)
    r0:         0.1844775 (fixed)
    D:          404.98 (fixed)
    F:          0.04768738 +/- 0.007402 (15.52%) (init= 0.04632779)
    lambdaem:   0.657 (fixed)
    w0:         0.3252493 (fixed)
    tf:         3.4190e-06 +/- 8.25e-07 (24.13%) (init= 3.038652e-06)
    lambdaex:   0.633 (fixed)
    n:          1.33 (fixed)
[[Correlations]] (unreported correlations are <  0.100)
    C(F, tf)                     = -0.695 
    C(C, tf)                     =  0.282 
Color: R
[[Model]]
    Model(g)
[[Fit Statistics]]
    # function evals   = 11
    # data points      = 141
    # variables        = 1
    chi-square         = 419.745
    reduced chi-square = 2.998
[[Variables]]
    C:     3.35741777 +/- 0.003722 (0.11%) (init= 2.208678)
    wxy:   0.3770193 (fixed)
    D:     404.98 (fixed)
    wz:    2.474404 (fixed)
[[Correlations]] (unreported correlations are <  0.100)
[[Model]]
    Model(g_t)
[[Fit Statistics]]
    # function evals   = 25
    # data points      = 141
    # variables        = 3
    chi-square         = 220.993
    reduced chi-square = 1.601
[[Variables]]
    C:     3.53362392 +/- 0.003201 (0.09%) (init= 2.208678)
    D:     404.98 (fixed)
    F:     0.05221616 +/- 0.006594 (12.63%) (init= 0.05396049)
    wxy:   0.3849938 (fixed)
    tf:    4.5207e-06 +/- 8.93e-07 (19.76%) (init= 8.596833e-06)
    wz:    2.295315 (fixed)
[[Correlations]] (unreported correlations are <  0.100)
    C(F, tf)                     = -0.684 
    C(C, tf)                     =  0.320 
[[Model]]
    Model(g_n)
[[Fit Statistics]]
    # function evals   = 9
    # data points      = 141
    # variables        = 1
    chi-square         = 319.781
    reduced chi-square = 2.284
[[Variables]]
    a:          0.652 (fixed)
    C:          2.57666512 +/- 0.002493 (0.10%) (init= 2.208678)
    r0:         0.1430514 (fixed)
    D:          404.98 (fixed)
    lambdaem:   0.657 (fixed)
    w0:         0.3303347 (fixed)
    lambdaex:   0.633 (fixed)
    n:          1.33 (fixed)
[[Correlations]] (unreported correlations are <  0.100)
[[Model]]
    Model(g_nt)
[[Fit Statistics]]
    # function evals   = 25
    # data points      = 141
    # variables        = 3
    chi-square         = 220.382
    reduced chi-square = 1.597
[[Variables]]
    a:          0.652 (fixed)
    C:          2.65256226 +/- 0.002266 (0.09%) (init= 2.208678)
    r0:         0.1381977 (fixed)
    D:          404.98 (fixed)
    F:          0.04548875 +/- 0.010066 (22.13%) (init= 0.04786999)
    lambdaem:   0.657 (fixed)
    w0:         0.3391803 (fixed)
    tf:         2.0999e-06 +/- 6.76e-07 (32.19%) (init= 3.931872e-06)
    lambdaex:   0.633 (fixed)
    n:          1.33 (fixed)
[[Correlations]] (unreported correlations are <  0.100)
    C(F, tf)                     = -0.719 
    C(C, tf)                     =  0.228 
[[Model]]
    Model(g_n, k='<function k_real at 0x11b87f938>')
[[Fit Statistics]]
    # function evals   = 10
    # data points      = 141
    # variables        = 1
    chi-square         = 297.422
    reduced chi-square = 2.124
[[Variables]]
    a:          0.652 (fixed)
    C:          1.75918850 +/- 0.001641 (0.09%) (init= 2.208678)
    r0:         0.1890327 (fixed)
    D:          404.98 (fixed)
    lambdaem:   0.657 (fixed)
    w0:         0.3173604 (fixed)
    lambdaex:   0.633 (fixed)
    n:          1.33 (fixed)
[[Correlations]] (unreported correlations are <  0.100)
[[Model]]
    Model(g_nt, k='<function k_real at 0x11b87f938>')
[[Fit Statistics]]
    # function evals   = 41
    # data points      = 141
    # variables        = 3
    chi-square         = 219.271
    reduced chi-square = 1.589
[[Variables]]
    a:          0.652 (fixed)
    C:          1.79774967 +/- 0.001516 (0.08%) (init= 2.208678)
    r0:         0.1844775 (fixed)
    D:          404.98 (fixed)
    F:          0.04252890 +/- 0.011433 (26.88%) (init= 0.04632779)
    lambdaem:   0.657 (fixed)
    w0:         0.3252493 (fixed)
    tf:         1.6940e-06 +/- 6.49e-07 (38.33%) (init= 3.038652e-06)
    lambdaex:   0.633 (fixed)
    n:          1.33 (fixed)
[[Correlations]] (unreported correlations are <  0.100)
    C(F, tf)                     = -0.729 
    C(C, tf)                     =  0.207 
Color: R
[[Model]]
    Model(g)
[[Fit Statistics]]
    # function evals   = 10
    # data points      = 141
    # variables        = 1
    chi-square         = 370.688
    reduced chi-square = 2.648
[[Variables]]
    C:     6.10081475 +/- 0.006166 (0.10%) (init= 4.417356)
    wxy:   0.3770193 (fixed)
    D:     404.98 (fixed)
    wz:    2.474404 (fixed)
[[Correlations]] (unreported correlations are <  0.100)
[[Model]]
    Model(g_t)
[[Fit Statistics]]
    # function evals   = 37
    # data points      = 141
    # variables        = 3
    chi-square         = 185.907
    reduced chi-square = 1.347
[[Variables]]
    C:     6.45877754 +/- 0.006359 (0.10%) (init= 4.417356)
    D:     404.98 (fixed)
    F:     0.05297399 +/- 0.003180 (6.00%) (init= 0.05396049)
    wxy:   0.3849938 (fixed)
    tf:    1.4934e-05 +/- 1.73e-06 (11.57%) (init= 8.596833e-06)
    wz:    2.295315 (fixed)
[[Correlations]] (unreported correlations are <  0.100)
    C(F, tf)                     = -0.561 
    C(C, tf)                     =  0.493 
    C(C, F)                      =  0.113 
[[Model]]
    Model(g_n)
[[Fit Statistics]]
    # function evals   = 8
    # data points      = 141
    # variables        = 1
    chi-square         = 271.012
    reduced chi-square = 1.936
[[Variables]]
    a:          0.652 (fixed)
    C:          4.68242613 +/- 0.004046 (0.09%) (init= 4.417356)
    r0:         0.1430514 (fixed)
    D:          404.98 (fixed)
    lambdaem:   0.657 (fixed)
    w0:         0.3303347 (fixed)
    lambdaex:   0.633 (fixed)
    n:          1.33 (fixed)
[[Correlations]] (unreported correlations are <  0.100)
[[Model]]
    Model(g_nt)
[[Fit Statistics]]
    # function evals   = 49
    # data points      = 141
    # variables        = 3
    chi-square         = 177.847
    reduced chi-square = 1.289
[[Variables]]
    a:          0.652 (fixed)
    C:          4.83617274 +/- 0.004206 (0.09%) (init= 4.417356)
    r0:         0.1381977 (fixed)
    D:          404.98 (fixed)
    F:          0.04094557 +/- 0.003959 (9.67%) (init= 0.04786999)
    lambdaem:   0.657 (fixed)
    w0:         0.3391803 (fixed)
    tf:         9.0323e-06 +/- 1.52e-06 (16.85%) (init= 3.931872e-06)
    lambdaex:   0.633 (fixed)
    n:          1.33 (fixed)
[[Correlations]] (unreported correlations are <  0.100)
    C(F, tf)                     = -0.626 
    C(C, tf)                     =  0.419 
[[Model]]
    Model(g_n, k='<function k_real at 0x11b87f938>')
[[Fit Statistics]]
    # function evals   = 11
    # data points      = 141
    # variables        = 1
    chi-square         = 247.160
    reduced chi-square = 1.765
[[Variables]]
    a:          0.652 (fixed)
    C:          3.19694704 +/- 0.002638 (0.08%) (init= 4.417356)
    r0:         0.1890327 (fixed)
    D:          404.98 (fixed)
    lambdaem:   0.657 (fixed)
    w0:         0.3173604 (fixed)
    lambdaex:   0.633 (fixed)
    n:          1.33 (fixed)
[[Correlations]] (unreported correlations are <  0.100)
[[Model]]
    Model(g_nt, k='<function k_real at 0x11b87f938>')
[[Fit Statistics]]
    # function evals   = 45
    # data points      = 141
    # variables        = 3
    chi-square         = 175.820
    reduced chi-square = 1.274
[[Variables]]
    a:          0.652 (fixed)
    C:          3.27532144 +/- 0.002732 (0.08%) (init= 4.417356)
    r0:         0.1844775 (fixed)
    D:          404.98 (fixed)
    F:          0.03827507 +/- 0.004398 (11.49%) (init= 0.04632779)
    lambdaem:   0.657 (fixed)
    w0:         0.3252493 (fixed)
    tf:         7.2024e-06 +/- 1.39e-06 (19.31%) (init= 3.038652e-06)
    lambdaex:   0.633 (fixed)
    n:          1.33 (fixed)
[[Correlations]] (unreported correlations are <  0.100)
    C(F, tf)                     = -0.646 
    C(C, tf)                     =  0.387 
Color: R
[[Model]]
    Model(g)
[[Fit Statistics]]
    # function evals   = 10
    # data points      = 141
    # variables        = 1
    chi-square         = 371.743
    reduced chi-square = 2.655
[[Variables]]
    C:     12.1396896 +/- 0.012120 (0.10%) (init= 8.834712)
    wxy:   0.3770193 (fixed)
    D:     404.98 (fixed)
    wz:    2.474404 (fixed)
[[Correlations]] (unreported correlations are <  0.100)
[[Model]]
    Model(g_t)
[[Fit Statistics]]
    # function evals   = 21
    # data points      = 141
    # variables        = 3
    chi-square         = 266.624
    reduced chi-square = 1.932
[[Variables]]
    C:     12.8062270 +/- 0.014097 (0.11%) (init= 8.834712)
    D:     404.98 (fixed)
    F:     0.03918408 +/- 0.004221 (10.77%) (init= 0.05396049)
    wxy:   0.3849938 (fixed)
    tf:    1.1516e-05 +/- 2.27e-06 (19.72%) (init= 8.596833e-06)
    wz:    2.295315 (fixed)
[[Correlations]] (unreported correlations are <  0.100)
    C(F, tf)                     = -0.590 
    C(C, tf)                     =  0.457 
[[Model]]
    Model(g_n)
[[Fit Statistics]]
    # function evals   = 9
    # data points      = 141
    # variables        = 1
    chi-square         = 264.105
    reduced chi-square = 1.886
[[Variables]]
    a:          0.652 (fixed)
    C:          9.31745218 +/- 0.007840 (0.08%) (init= 8.834712)
    r0:         0.1430514 (fixed)
    D:          404.98 (fixed)
    lambdaem:   0.657 (fixed)
    w0:         0.3303347 (fixed)
    lambdaex:   0.633 (fixed)
    n:          1.33 (fixed)
[[Correlations]] (unreported correlations are <  0.100)
[[Model]]
    Model(g_nt)
[[Fit Statistics]]
    # function evals   = 33
    # data points      = 141
    # variables        = 3
    chi-square         = 222.557
    reduced chi-square = 1.613
[[Variables]]
    a:          0.652 (fixed)
    C:          9.59508071 +/- 0.008236 (0.09%) (init= 8.834712)
    r0:         0.1381977 (fixed)
    D:          404.98 (fixed)
    F:          0.03178591 +/- 0.006658 (20.95%) (init= 0.04786999)
    lambdaem:   0.657 (fixed)
    w0:         0.3391803 (fixed)
    tf:         3.7036e-06 +/- 1.22e-06 (32.97%) (init= 3.931872e-06)
    lambdaex:   0.633 (fixed)
    n:          1.33 (fixed)
[[Correlations]] (unreported correlations are <  0.100)
    C(F, tf)                     = -0.680 
    C(C, tf)                     =  0.299 
[[Model]]
    Model(g_n, k='<function k_real at 0x11b87f938>')
[[Fit Statistics]]
    # function evals   = 11
    # data points      = 141
    # variables        = 1
    chi-square         = 265.458
    reduced chi-square = 1.896
[[Variables]]
    a:          0.652 (fixed)
    C:          6.36157021 +/- 0.005367 (0.08%) (init= 8.834712)
    r0:         0.1890327 (fixed)
    D:          404.98 (fixed)
    lambdaem:   0.657 (fixed)
    w0:         0.3173604 (fixed)
    lambdaex:   0.633 (fixed)
    n:          1.33 (fixed)
[[Correlations]] (unreported correlations are <  0.100)
[[Model]]
    Model(g_nt, k='<function k_real at 0x11b87f938>')
[[Fit Statistics]]
    # function evals   = 21
    # data points      = 141
    # variables        = 3
    chi-square         = 233.144
    reduced chi-square = 1.689
[[Variables]]
    a:          0.652 (fixed)
    C:          6.50127399 +/- 0.005509 (0.08%) (init= 8.834712)
    r0:         0.1844775 (fixed)
    D:          404.98 (fixed)
    F:          0.03182198 +/- 0.008851 (27.82%) (init= 0.04632779)
    lambdaem:   0.657 (fixed)
    w0:         0.3252493 (fixed)
    tf:         2.2456e-06 +/- 9.43e-07 (41.99%) (init= 3.038652e-06)
    lambdaex:   0.633 (fixed)
    n:          1.33 (fixed)
[[Correlations]] (unreported correlations are <  0.100)
    C(F, tf)                     = -0.705 
    C(C, tf)                     =  0.241 
Color: B
[[Model]]
    Model(g)
[[Fit Statistics]]
    # function evals   = 9
    # data points      = 141
    # variables        = 1
    chi-square         = 298.163
    reduced chi-square = 2.130
[[Variables]]
    C:     2.09490138 +/- 0.004823 (0.23%) (init= 2.58125)
    wxy:   0.2532646 (fixed)
    D:     389.4 (fixed)
    wz:    3.733589 (fixed)
[[Correlations]] (unreported correlations are <  0.100)
[[Model]]
    Model(g_t)
[[Fit Statistics]]
    # function evals   = 21
    # data points      = 141
    # variables        = 3
    chi-square         = 210.522
    reduced chi-square = 1.526
[[Variables]]
    C:     2.34066373 +/- 0.005244 (0.22%) (init= 2.58125)
    D:     389.4 (fixed)
    F:     0.08063948 +/- 0.012962 (16.07%) (init= 0.09621549)
    wxy:   0.2600786 (fixed)
    tf:    3.7294e-06 +/- 1.01e-06 (27.15%) (init= 4.046902e-06)
    wz:    3.265587 (fixed)
[[Correlations]] (unreported correlations are <  0.100)
    C(F, tf)                     = -0.668 
    C(C, tf)                     =  0.347 
[[Model]]
    Model(g_n)
[[Fit Statistics]]
    # function evals   = 8
    # data points      = 141
    # variables        = 1
    chi-square         = 229.540
    reduced chi-square = 1.640
[[Variables]]
    a:          0.522 (fixed)
    C:          2.40695058 +/- 0.004862 (0.20%) (init= 2.58125)
    r0:         0.1253261 (fixed)
    D:          389.4 (fixed)
    lambdaem:   0.519 (fixed)
    w0:         0.1923809 (fixed)
    lambdaex:   0.488 (fixed)
    n:          1.33 (fixed)
[[Correlations]] (unreported correlations are <  0.100)
[[Model]]
    Model(g_nt)
[[Fit Statistics]]
    # function evals   = 33
    # data points      = 141
    # variables        = 3
    chi-square         = 215.925
    reduced chi-square = 1.565
[[Variables]]
    a:          0.522 (fixed)
    C:          2.44496449 +/- 0.004943 (0.20%) (init= 2.58125)
    r0:         0.1237605 (fixed)
    D:          389.4 (fixed)
    F:          0.05917960 +/- 0.044510 (75.21%) (init= 0.05605896)
    lambdaem:   0.519 (fixed)
    w0:         0.1973149 (fixed)
    tf:         5.4523e-07 +/- 5.37e-07 (98.51%) (init= 1.690576e-06)
    lambdaex:   0.488 (fixed)
    n:          1.33 (fixed)
[[Correlations]] (unreported correlations are <  0.100)
    C(F, tf)                     = -0.798 
    C(C, tf)                     =  0.152 
[[Model]]
    Model(g_n, k='<function k_real at 0x11b87f938>')
[[Fit Statistics]]
    # function evals   = 13
    # data points      = 141
    # variables        = 1
    chi-square         = 252.159
    reduced chi-square = 1.801
[[Variables]]
    a:          0.522 (fixed)
    C:          1.73883000 +/- 0.003681 (0.21%) (init= 2.58125)
    r0:         0.154485 (fixed)
    D:          389.4 (fixed)
    lambdaem:   0.519 (fixed)
    w0:         0.1823275 (fixed)
    lambdaex:   0.488 (fixed)
    n:          1.33 (fixed)
[[Correlations]] (unreported correlations are <  0.100)
[[Model]]
    Model(g_nt, k='<function k_real at 0x11b87f938>')
[[Fit Statistics]]
    # function evals   = 108
    # data points      = 141
    # variables        = 3
    chi-square         = 242.889
    reduced chi-square = 1.760
[[Variables]]
    a:          0.522 (fixed)
    C:          1.75150784 +/- 0.003674 (0.21%) (init= 2.58125)
    r0:         0.15376 (fixed)
    D:          389.4 (fixed)
    F:          0.49999999 +/- 0.122602 (24.52%) (init= 0.0504593)
    lambdaem:   0.519 (fixed)
    w0:         0.1853562 (fixed)
    tf:         4.7156e-08 +/- 6.26e-08 (132.79%) (init= 1.060928e-06)
    lambdaex:   0.488 (fixed)
    n:          1.33 (fixed)
[[Correlations]] (unreported correlations are <  0.100)
    C(F, tf)                     =  0.980 
Color: B
[[Model]]
    Model(g)
[[Fit Statistics]]
    # function evals   = 11
    # data points      = 141
    # variables        = 1
    chi-square         = 354.703
    reduced chi-square = 2.534
[[Variables]]
    C:     3.80557132 +/- 0.009650 (0.25%) (init= 5.1625)
    wxy:   0.2532646 (fixed)
    D:     389.4 (fixed)
    wz:    3.733589 (fixed)
[[Correlations]] (unreported correlations are <  0.100)
[[Model]]
    Model(g_t)
[[Fit Statistics]]
    # function evals   = 17
    # data points      = 141
    # variables        = 3
    chi-square         = 260.883
    reduced chi-square = 1.890
[[Variables]]
    C:     4.26588100 +/- 0.010982 (0.26%) (init= 5.1625)
    D:     389.4 (fixed)
    F:     0.11101214 +/- 0.012699 (11.44%) (init= 0.09621549)
    wxy:   0.2600786 (fixed)
    tf:    4.1061e-06 +/- 8.34e-07 (20.32%) (init= 4.046902e-06)
    wz:    3.265587 (fixed)
[[Correlations]] (unreported correlations are <  0.100)
    C(F, tf)                     = -0.652 
    C(C, tf)                     =  0.369 
[[Model]]
    Model(g_n)
[[Fit Statistics]]
    # function evals   = 9
    # data points      = 141
    # variables        = 1
    chi-square         = 358.612
    reduced chi-square = 2.562
[[Variables]]
    a:          0.522 (fixed)
    C:          4.37205810 +/- 0.011148 (0.25%) (init= 5.1625)
    r0:         0.1253261 (fixed)
    D:          389.4 (fixed)
    lambdaem:   0.519 (fixed)
    w0:         0.1923809 (fixed)
    lambdaex:   0.488 (fixed)
    n:          1.33 (fixed)
[[Correlations]] (unreported correlations are <  0.100)
[[Model]]
    Model(g_nt)
[[Fit Statistics]]
    # function evals   = 21
    # data points      = 141
    # variables        = 3
    chi-square         = 333.907
    reduced chi-square = 2.420
[[Variables]]
    a:          0.522 (fixed)
    C:          4.45241474 +/- 0.012034 (0.27%) (init= 5.1625)
    r0:         0.1237605 (fixed)
    D:          389.4 (fixed)
    F:          0.07323647 +/- 0.021856 (29.84%) (init= 0.05605896)
    lambdaem:   0.519 (fixed)
    w0:         0.1973149 (fixed)
    tf:         1.9895e-06 +/- 9.45e-07 (47.48%) (init= 1.690576e-06)
    lambdaex:   0.488 (fixed)
    n:          1.33 (fixed)
[[Correlations]] (unreported correlations are <  0.100)
    C(F, tf)                     = -0.700 
    C(C, tf)                     =  0.280 
[[Model]]
    Model(g_n, k='<function k_real at 0x11b87f938>')
[[Fit Statistics]]
    # function evals   = 12
    # data points      = 141
    # variables        = 1
    chi-square         = 399.077
    reduced chi-square = 2.851
[[Variables]]
    a:          0.522 (fixed)
    C:          3.15848011 +/- 0.008496 (0.27%) (init= 5.1625)
    r0:         0.154485 (fixed)
    D:          389.4 (fixed)
    lambdaem:   0.519 (fixed)
    w0:         0.1823275 (fixed)
    lambdaex:   0.488 (fixed)
    n:          1.33 (fixed)
[[Correlations]] (unreported correlations are <  0.100)
[[Model]]
    Model(g_nt, k='<function k_real at 0x11b87f938>')
[[Fit Statistics]]
    # function evals   = 50
    # data points      = 141
    # variables        = 3
    chi-square         = 390.300
    reduced chi-square = 2.828
[[Variables]]
    a:          0.522 (fixed)
    C:          3.22287642 +/- 0.028293 (0.88%) (init= 5.1625)
    r0:         0.15376 (fixed)
    D:          389.4 (fixed)
    F:          0.02186407 +/- 0.008883 (40.63%) (init= 0.0504593)
    lambdaem:   0.519 (fixed)
    w0:         0.1853562 (fixed)
    tf:         9.99999999 +/- 5.06e-06 (5.06%) (init= 1.060928e-06)
    lambdaex:   0.488 (fixed)
    n:          1.33 (fixed)
[[Correlations]] (unreported correlations are <  0.100)
    C(C, F)                      =  0.815 
    C(C, tf)                     = -0.760 
    C(F, tf)                     = -0.371 
Color: B
[[Model]]
    Model(g)
[[Fit Statistics]]
    # function evals   = 11
    # data points      = 141
    # variables        = 1
    chi-square         = 981.526
    reduced chi-square = 7.011
[[Variables]]
    C:     7.54035979 +/- 0.031415 (0.42%) (init= 10.325)
    wxy:   0.2532646 (fixed)
    D:     389.4 (fixed)
    wz:    3.733589 (fixed)
[[Correlations]] (unreported correlations are <  0.100)
[[Model]]
    Model(g_t)
[[Fit Statistics]]
    # function evals   = 17
    # data points      = 141
    # variables        = 3
    chi-square         = 912.526
    reduced chi-square = 6.613
[[Variables]]
    C:     8.45437608 +/- 0.041248 (0.49%) (init= 10.325)
    D:     389.4 (fixed)
    F:     0.10274165 +/- 0.022199 (21.61%) (init= 0.09621549)
    wxy:   0.2600786 (fixed)
    tf:    4.4959e-06 +/- 1.74e-06 (38.76%) (init= 4.046902e-06)
    wz:    3.265587 (fixed)
[[Correlations]] (unreported correlations are <  0.100)
    C(F, tf)                     = -0.648 
    C(C, tf)                     =  0.391 
[[Model]]
    Model(g_n)
[[Fit Statistics]]
    # function evals   = 9
    # data points      = 141
    # variables        = 1
    chi-square         = 1128.154
    reduced chi-square = 8.058
[[Variables]]
    a:          0.522 (fixed)
    C:          8.66632907 +/- 0.038716 (0.45%) (init= 10.325)
    r0:         0.1253261 (fixed)
    D:          389.4 (fixed)
    lambdaem:   0.519 (fixed)
    w0:         0.1923809 (fixed)
    lambdaex:   0.488 (fixed)
    n:          1.33 (fixed)
[[Correlations]] (unreported correlations are <  0.100)
[[Model]]
    Model(g_nt)
[[Fit Statistics]]
    # function evals   = 29
    # data points      = 141
    # variables        = 3
    chi-square         = 1129.069
    reduced chi-square = 8.182
[[Variables]]
    a:          0.522 (fixed)
    C:          8.82551275 +/- 0.044532 (0.50%) (init= 10.325)
    r0:         0.1237605 (fixed)
    D:          389.4 (fixed)
    F:          0.05865106 +/- 0.035883 (61.18%) (init= 0.05605896)
    lambdaem:   0.519 (fixed)
    w0:         0.1973149 (fixed)
    tf:         2.4671e-06 +/- 2.39e-06 (96.73%) (init= 1.690576e-06)
    lambdaex:   0.488 (fixed)
    n:          1.33 (fixed)
[[Correlations]] (unreported correlations are <  0.100)
    C(F, tf)                     = -0.697 
    C(C, tf)                     =  0.317 
[[Model]]
    Model(g_n, k='<function k_real at 0x11b87f938>')
[[Fit Statistics]]
    # function evals   = 12
    # data points      = 141
    # variables        = 1
    chi-square         = 1229.782
    reduced chi-square = 8.784
[[Variables]]
    a:          0.522 (fixed)
    C:          6.26133715 +/- 0.029208 (0.47%) (init= 10.325)
    r0:         0.154485 (fixed)
    D:          389.4 (fixed)
    lambdaem:   0.519 (fixed)
    w0:         0.1823275 (fixed)
    lambdaex:   0.488 (fixed)
    n:          1.33 (fixed)
[[Correlations]] (unreported correlations are <  0.100)
[[Model]]
    Model(g_nt, k='<function k_real at 0x11b87f938>')
[[Fit Statistics]]
    # function evals   = 75
    # data points      = 141
    # variables        = 3
    chi-square         = 1230.313
    reduced chi-square = 8.915
[[Variables]]
    a:          0.522 (fixed)
    C:          6.31989286 +/- 0.032781 (0.52%) (init= 10.325)
    r0:         0.15376 (fixed)
    D:          389.4 (fixed)
    F:          0.04729823 +/- 0.041916 (88.62%) (init= 0.0504593)
    lambdaem:   0.519 (fixed)
    w0:         0.1853562 (fixed)
    tf:         2.0694e-06 +/- 2.82e-06 (136.24%) (init= 1.060928e-06)
    lambdaex:   0.488 (fixed)
    n:          1.33 (fixed)
[[Correlations]] (unreported correlations are <  0.100)
    C(F, tf)                     = -0.709 
    C(C, tf)                     =  0.297 
Color: B
[[Model]]
    Model(g)
[[Fit Statistics]]
    # function evals   = 11
    # data points      = 141
    # variables        = 1
    chi-square         = 4261.398
    reduced chi-square = 30.439
[[Variables]]
    C:     15.9502860 +/- 0.149950 (0.94%) (init= 20.65)
    wxy:   0.2532646 (fixed)
    D:     389.4 (fixed)
    wz:    3.733589 (fixed)
[[Correlations]] (unreported correlations are <  0.100)
[[Model]]
    Model(g_t)
[[Fit Statistics]]
    # function evals   = 59
    # data points      = 141
    # variables        = 3
    chi-square         = 4122.525
    reduced chi-square = 29.873
[[Variables]]
    C:     17.7653701 +/- 0.178319 (1.00%) (init= 20.65)
    D:     389.4 (fixed)
    F:     0.08787626 +/- 0.090224 (102.67%) (init= 0.09621549)
    wxy:   0.2600786 (fixed)
    tf:    1.6232e-06 +/- 2.62e-06 (161.20%) (init= 4.046902e-06)
    wz:    3.265587 (fixed)
[[Correlations]] (unreported correlations are <  0.100)
    C(F, tf)                     = -0.727 
    C(C, tf)                     =  0.258 
[[Model]]
    Model(g_n)
[[Fit Statistics]]
    # function evals   = 9
    # data points      = 141
    # variables        = 1
    chi-square         = 4636.323
    reduced chi-square = 33.117
[[Variables]]
    a:          0.522 (fixed)
    C:          18.3490314 +/- 0.180027 (0.98%) (init= 20.65)
    r0:         0.1253261 (fixed)
    D:          389.4 (fixed)
    lambdaem:   0.519 (fixed)
    w0:         0.1923809 (fixed)
    lambdaex:   0.488 (fixed)
    n:          1.33 (fixed)
[[Correlations]] (unreported correlations are <  0.100)
[[Model]]
    Model(g_nt)
[[Fit Statistics]]
    # function evals   = 59
    # data points      = 141
    # variables        = 3
    chi-square         = 4636.311
    reduced chi-square = 33.596
[[Variables]]
    a:          0.522 (fixed)
    C:          18.6332965 +/- 0.192382 (1.03%) (init= 20.65)
    r0:         0.1237605 (fixed)
    D:          389.4 (fixed)
    F:          0.02821410 +/- 0.158384 (561.37%) (init= 0.05605896)
    lambdaem:   0.519 (fixed)
    w0:         0.1973149 (fixed)
    tf:         8.5758e-07 +/- 6.56e-06 (764.60%) (init= 1.690576e-06)
    lambdaex:   0.488 (fixed)
    n:          1.33 (fixed)
[[Correlations]] (unreported correlations are <  0.100)
    C(F, tf)                     = -0.770 
    C(C, tf)                     =  0.202 
[[Model]]
    Model(g_n, k='<function k_real at 0x11b87f938>')
[[Fit Statistics]]
    # function evals   = 12
    # data points      = 141
    # variables        = 1
    chi-square         = 4826.767
    reduced chi-square = 34.477
[[Variables]]
    a:          0.522 (fixed)
    C:          13.2604237 +/- 0.132782 (1.00%) (init= 20.65)
    r0:         0.154485 (fixed)
    D:          389.4 (fixed)
    lambdaem:   0.519 (fixed)
    w0:         0.1823275 (fixed)
    lambdaex:   0.488 (fixed)
    n:          1.33 (fixed)
[[Correlations]] (unreported correlations are <  0.100)
[[Model]]
    Model(g_nt, k='<function k_real at 0x11b87f938>')
[[Fit Statistics]]
    # function evals   = 39
    # data points      = 141
    # variables        = 3
    chi-square         = 4827.988
    reduced chi-square = 34.985
[[Variables]]
    a:          0.522 (fixed)
    C:          13.3544469 +/- 0.135926 (1.02%) (init= 20.65)
    r0:         0.15376 (fixed)
    D:          389.4 (fixed)
    F:          0.03342628 +/- 0.892556 (2670.22%) (init= 0.0504593)
    lambdaem:   0.519 (fixed)
    w0:         0.1853562 (fixed)
    tf:         1.7160e-07 +/- 3.72e-06 (2169.55%) (init= 1.060928e-06)
    lambdaex:   0.488 (fixed)
    n:          1.33 (fixed)
[[Correlations]] (unreported correlations are <  0.100)
    C(F, tf)                     = -0.910 
