Color: R
[[Model]]
    Model(g)
[[Fit Statistics]]
    # function evals   = 31
    # data points      = 133
    # variables        = 3
    chi-square         = 320.748
    reduced chi-square = 2.467
[[Variables]]
    C:     3.20587860 +/- 0.074762 (2.33%) (init= 2.208678)
    wxy:   0.38015213 +/- 0.001056 (0.28%) (init= 0.3)
    wz:    2.57018286 +/- 0.067772 (2.64%) (init= 1)
    D:     404.98 (fixed)
[[Correlations]] (unreported correlations are <  0.100)
    C(C, wz)                     = -0.995 
    C(wxy, wz)                   = -0.721 
    C(C, wxy)                    =  0.652 

[[Model]]
    Model(g_t)
[[Fit Statistics]]
    # function evals   = 33
    # data points      = 133
    # variables        = 5
    chi-square         = 320.748
    reduced chi-square = 2.506
[[Variables]]
    C:     3.20587640 +/- 0        (0.00%) (init= 2.208678)
    wxy:   0.38015214 +/- 0        (0.00%) (init= 0.3801521)
    wz:    2.57018459 +/- 0        (0.00%) (init= 2.570183)
    D:     404.98 (fixed)
    F:     0.02000000 +/- 0        (0.00%) (init= 0.02)
    tf:    1.0000e-09 +/- 0        (0.00%) (init= 1e-09)
[[Correlations]] (unreported correlations are <  0.100)

[[Model]]
    Model(g_n)
[[Fit Statistics]]
    # function evals   = 23
    # data points      = 133
    # variables        = 3
    chi-square         = 219.722
    reduced chi-square = 1.690
[[Variables]]
    D:          404.98 (fixed)
    C:          2.52316292 +/- 0.031855 (1.26%) (init= 2.208678)
    w0:         0.33160761 +/- 0.001998 (0.60%) (init= 0.25)
    a:          0.652 (fixed)
    r0:         0.14755222 +/- 0.001838 (1.25%) (init= 0.16)
    lambdaex:   0.633 (fixed)
    lambdaem:   0.657 (fixed)
    n:          1.33 (fixed)
[[Correlations]] (unreported correlations are <  0.100)
    C(C, r0)                     = -0.992 
    C(w0, r0)                    = -0.906 
    C(C, w0)                     =  0.854 

[[Model]]
    Model(g_nt)
[[Fit Statistics]]
    # function evals   = 77
    # data points      = 133
    # variables        = 5
    chi-square         = 146.645
    reduced chi-square = 1.146
[[Variables]]
    D:          404.98 (fixed)
    C:          2.59508071 +/- 0.030158 (1.16%) (init= 2.208678)
    w0:         0.33973346 +/- 0.002252 (0.66%) (init= 0.3316076)
    a:          0.652 (fixed)
    r0:         0.14290424 +/- 0.001739 (1.22%) (init= 0.1475522)
    lambdaex:   0.633 (fixed)
    lambdaem:   0.657 (fixed)
    n:          1.33 (fixed)
    F:          0.04667422 +/- 0.006352 (13.61%) (init= 0.02)
    tf:         3.6609e-06 +/- 9.17e-07 (25.05%) (init= 5e-07)
[[Correlations]] (unreported correlations are <  0.100)
    C(C, r0)                     = -0.992 
    C(w0, r0)                    = -0.913 
    C(C, w0)                     =  0.861 
    C(w0, tf)                    =  0.497 
    C(F, tf)                     = -0.473 
    C(r0, tf)                    = -0.337 
    C(C, tf)                     =  0.300 
    C(w0, F)                     =  0.161 
    C(r0, F)                     = -0.133 
    C(C, F)                      =  0.122 

[[Model]]
    Model(g_n, k='<function k_real at 0x109821de8>')
[[Fit Statistics]]
    # function evals   = 47
    # data points      = 133
    # variables        = 3
    chi-square         = 199.461
    reduced chi-square = 1.534
[[Variables]]
    D:          404.98 (fixed)
    C:          1.73777547 +/- 0.016671 (0.96%) (init= 2.208678)
    w0:         0.31864501 +/- 0.001903 (0.60%) (init= 0.25)
    a:          0.652 (fixed)
    r0:         0.19444973 +/- 0.001762 (0.91%) (init= 0.16)
    lambdaex:   0.633 (fixed)
    lambdaem:   0.657 (fixed)
    n:          1.33 (fixed)
[[Correlations]] (unreported correlations are <  0.100)
    C(C, r0)                     = -0.990 
    C(w0, r0)                    = -0.878 
    C(C, w0)                     =  0.813 

[[Model]]
    Model(g_nt, k='<function k_real at 0x109821de8>')
[[Fit Statistics]]
    # function evals   = 75
    # data points      = 133
    # variables        = 5
    chi-square         = 141.884
    reduced chi-square = 1.108
[[Variables]]
    D:          404.98 (fixed)
    C:          1.77396534 +/- 0.018087 (1.02%) (init= 2.208678)
    w0:         0.32589342 +/- 0.002329 (0.71%) (init= 0.3316076)
    a:          0.652 (fixed)
    r0:         0.19014623 +/- 0.001931 (1.02%) (init= 0.1475522)
    lambdaex:   0.633 (fixed)
    lambdaem:   0.657 (fixed)
    n:          1.33 (fixed)
    F:          0.04497808 +/- 0.007045 (15.66%) (init= 0.02)
    tf:         2.9031e-06 +/- 8.05e-07 (27.72%) (init= 5e-07)
[[Correlations]] (unreported correlations are <  0.100)
    C(C, r0)                     = -0.992 
    C(w0, r0)                    = -0.907 
    C(C, w0)                     =  0.853 
    C(F, tf)                     = -0.528 
    C(w0, tf)                    =  0.472 
    C(r0, tf)                    = -0.316 
    C(C, tf)                     =  0.281 
    C(w0, F)                     =  0.118 

