Color: R
[[Model]]
    Model(g)
[[Fit Statistics]]
    # function evals   = 29
    # data points      = 133
    # variables        = 3
    chi-square         = 315.775
    reduced chi-square = 2.429
[[Variables]]
    C:     12.0332771 +/- 0.257036 (2.14%) (init= 8.834712)
    wxy:   0.37792873 +/- 0.000996 (0.26%) (init= 0.3)
    D:     404.98 (fixed)
    wz:    2.48990095 +/- 0.060482 (2.43%) (init= 1)
[[Correlations]] (unreported correlations are <  0.100)
    C(C, wz)                     = -0.994 
    C(wxy, wz)                   = -0.727 
    C(C, wxy)                    =  0.657 
[[Model]]
    Model(g_t)
[[Fit Statistics]]
    # function evals   = 30
    # data points      = 133
    # variables        = 5
    chi-square         = 315.775
    reduced chi-square = 2.467
[[Variables]]
    C:     12.0332790 +/- 0        (0.00%) (init= 8.834712)
    D:     404.98 (fixed)
    F:     0.02000000 +/- 0        (0.00%) (init= 0.02)
    wxy:   0.37792875 +/- 0        (0.00%) (init= 0.3779287)
    tf:    1.0000e-09 +/- 0        (0.00%) (init= 1e-09)
    wz:    2.48990042 +/- 0        (0.00%) (init= 2.489901)
[[Correlations]] (unreported correlations are <  0.100)
[[Model]]
    Model(g_n)
[[Fit Statistics]]
    # function evals   = 21
    # data points      = 133
    # variables        = 3
    chi-square         = 217.593
    reduced chi-square = 1.674
[[Variables]]
    a:          0.652 (fixed)
    C:          9.31345547 +/- 0.113066 (1.21%) (init= 8.834712)
    r0:         0.14272925 +/- 0.001705 (1.20%) (init= 0.16)
    D:          404.98 (fixed)
    lambdaem:   0.657 (fixed)
    w0:         0.33232291 +/- 0.001882 (0.57%) (init= 0.25)
    lambdaex:   0.633 (fixed)
    n:          1.33 (fixed)
[[Correlations]] (unreported correlations are <  0.100)
    C(C, r0)                     = -0.992 
    C(r0, w0)                    = -0.909 
    C(C, w0)                     =  0.858 
[[Model]]
    Model(g_nt)
[[Fit Statistics]]
    # function evals   = 219
    # data points      = 133
    # variables        = 5
    chi-square         = 174.164
    reduced chi-square = 1.361
[[Variables]]
    a:          0.652 (fixed)
    C:          9.76391041 +/- 0.157780 (1.62%) (init= 8.834712)
    r0:         0.13499860 +/- 0.002525 (1.87%) (init= 0.1427293)
    D:          404.98 (fixed)
    F:          0.03577163 +/- 0.007941 (22.20%) (init= 0.02)
    lambdaem:   0.657 (fixed)
    w0:         0.34818086 +/- 0.005059 (1.45%) (init= 0.3323229)
    tf:         1.6858e-05 +/- 5.26e-06 (31.22%) (init= 5e-07)
    lambdaex:   0.633 (fixed)
    n:          1.33 (fixed)
[[Correlations]] (unreported correlations are <  0.100)
    C(C, r0)                     = -0.992 
    C(r0, w0)                    = -0.925 
    C(F, w0)                     =  0.909 
    C(C, w0)                     =  0.875 
    C(r0, F)                     = -0.776 
    C(w0, tf)                    =  0.765 
    C(C, F)                      =  0.717 
    C(F, tf)                     =  0.647 
    C(r0, tf)                    = -0.571 
    C(C, tf)                     =  0.514 
[[Model]]
    Model(g_n, k='<function k_real at 0x10fc3ade8>')
[[Fit Statistics]]
    # function evals   = 44
    # data points      = 133
    # variables        = 3
    chi-square         = 207.696
    reduced chi-square = 1.598
[[Variables]]
    a:          0.652 (fixed)
    C:          6.36916536 +/- 0.068409 (1.07%) (init= 8.834712)
    r0:         0.18837957 +/- 0.001897 (1.01%) (init= 0.16)
    D:          404.98 (fixed)
    lambdaem:   0.657 (fixed)
    w0:         0.31988158 +/- 0.001995 (0.62%) (init= 0.25)
    lambdaex:   0.633 (fixed)
    n:          1.33 (fixed)
[[Correlations]] (unreported correlations are <  0.100)
    C(C, r0)                     = -0.992 
    C(r0, w0)                    = -0.901 
    C(C, w0)                     =  0.848 
[[Model]]
    Model(g_nt, k='<function k_real at 0x10fc3ade8>')
[[Fit Statistics]]
    # function evals   = 180
    # data points      = 133
    # variables        = 5
    chi-square         = 177.386
    reduced chi-square = 1.386
[[Variables]]
    a:          0.652 (fixed)
    C:          6.45840306 +/- 0.070679 (1.09%) (init= 8.834712)
    r0:         0.18559705 +/- 0.001985 (1.07%) (init= 0.1427293)
    D:          404.98 (fixed)
    F:          0.03124461 +/- 0.007873 (25.20%) (init= 0.02)
    lambdaem:   0.657 (fixed)
    w0:         0.32449943 +/- 0.002369 (0.73%) (init= 0.3323229)
    tf:         2.3341e-06 +/- 1.03e-06 (44.25%) (init= 5e-07)
    lambdaex:   0.633 (fixed)
    n:          1.33 (fixed)
[[Correlations]] (unreported correlations are <  0.100)
    C(C, r0)                     = -0.992 
    C(r0, w0)                    = -0.909 
    C(C, w0)                     =  0.856 
    C(F, tf)                     = -0.556 
    C(w0, tf)                    =  0.439 
    C(r0, tf)                    = -0.293 
    C(C, tf)                     =  0.261 
