Color: B
[[Model]]
    noise
[[Fit Statistics]]
    # function evals   = 6
    # data points      = 155
    # variables        = 2
    chi-square         = 0.599
    reduced chi-square = 0.004
[[Variables]]
    a:    0.00053275 +/- 1.64e-05 (3.07%) (init= 1e-05)
    b:    0.00013454 +/- 0.000106 (78.90%) (init= 0)
    p:    0.33 (fixed)
    tc:   5.216348e-05 (fixed)
[[Correlations]] (unreported correlations are <  0.100)
[[Model]]
    g
[[Fit Statistics]]
    # function evals   = 22
    # data points      = 155
    # variables        = 2
    chi-square         = 19.547
    reduced chi-square = 0.128
[[Variables]]
    C:     0.828906 (fixed)
    D:     419.01 (fixed)
    wxy:   0.30138261 +/- 0.001207 (0.40%) (init= 0.3)
    wz:    2.87186158 +/- 0.014866 (0.52%) (init= 1)
[[Correlations]] (unreported correlations are <  0.100)
[[Model]]
    g_t
[[Fit Statistics]]
    # function evals   = 56
    # data points      = 155
    # variables        = 4
    chi-square         = 3.984
    reduced chi-square = 0.026
[[Variables]]
    C:     0.828906 (fixed)
    D:     419.01 (fixed)
    F:     0.12533587 +/- 0.004697 (3.75%) (init= 0.1)
    tf:    6.0132e-06 +/- 5.07e-07 (8.44%) (init= 1e-07)
    wxy:   0.31463437 +/- 0.001036 (0.33%) (init= 0.3)
    wz:    2.77471041 +/- 0.008737 (0.31%) (init= 1)
[[Correlations]] (unreported correlations are <  0.100)
    C(tf, wxy)                   =  0.635 
    C(F, wxy)                    =  0.462 
[[Model]]
    g_n
[[Fit Statistics]]
    # function evals   = 16
    # data points      = 155
    # variables        = 2
    chi-square         = 21.680
    reduced chi-square = 0.142
[[Variables]]
    C:          0.828906 (fixed)
    D:          419.01 (fixed)
    a:          0.522 (fixed)
    lambdaem:   0.519 (fixed)
    lambdaex:   0.488 (fixed)
    n:          1.33 (fixed)
    r0:         0.12353063 +/- 0.000463 (0.37%) (init= 0.15)
    w0:         0.26237789 +/- 0.002089 (0.80%) (init= 0.26)
[[Correlations]] (unreported correlations are <  0.100)
[[Model]]
    g_nt
[[Fit Statistics]]
    # function evals   = 136
    # data points      = 155
    # variables        = 4
    chi-square         = 7.908
    reduced chi-square = 0.052
[[Variables]]
    C:          0.828906 (fixed)
    D:          419.01 (fixed)
    F:          0.13575364 +/- 0.007910 (5.83%) (init= 0.1253359)
    a:          0.522 (fixed)
    lambdaem:   0.519 (fixed)
    lambdaex:   0.488 (fixed)
    n:          1.33 (fixed)
    r0:         0.11932750 +/- 0.000516 (0.43%) (init= 0.1235306)
    tf:         9.7014e-06 +/- 1.10e-06 (11.31%) (init= 6.013181e-06)
    w0:         0.29441014 +/- 0.003340 (1.13%) (init= 0.2623779)
[[Correlations]] (unreported correlations are <  0.100)
    C(F, w0)                     =  0.797 
    C(tf, w0)                    =  0.728 
    C(F, tf)                     =  0.383 
Color: R
[[Model]]
    noise
[[Fit Statistics]]
    # function evals   = 6
    # data points      = 155
    # variables        = 2
    chi-square         = 0.070
    reduced chi-square = 0.000
[[Variables]]
    a:    2.8595e-05 +/- 9.35e-07 (3.27%) (init= 1e-05)
    b:    2.6919e-05 +/- 1.33e-05 (49.39%) (init= 0)
    p:    0.33 (fixed)
    tc:   0.000104875 (fixed)
[[Correlations]] (unreported correlations are <  0.100)
[[Model]]
    g
[[Fit Statistics]]
    # function evals   = 22
    # data points      = 155
    # variables        = 2
    chi-square         = 55.601
    reduced chi-square = 0.363
[[Variables]]
    C:     0.8125 (fixed)
    D:     400.7 (fixed)
    wxy:   0.40675175 +/- 0.001840 (0.45%) (init= 0.3)
    wz:    3.58650547 +/- 0.022493 (0.63%) (init= 1)
[[Correlations]] (unreported correlations are <  0.100)
[[Model]]
    g_t
[[Fit Statistics]]
    # function evals   = 89
    # data points      = 155
    # variables        = 4
    chi-square         = 54.207
    reduced chi-square = 0.359
[[Variables]]
    C:     0.8125 (fixed)
    D:     400.7 (fixed)
    F:     0.04362698 +/- 0.029708 (68.10%) (init= 0.1)
    tf:    1.2488e-06 +/- 1.30e-06 (104.17%) (init= 1e-07)
    wxy:   0.40788416 +/- 0.002017 (0.49%) (init= 0.3)
    wz:    3.57709812 +/- 0.023365 (0.65%) (init= 1)
[[Correlations]] (unreported correlations are <  0.100)
    C(tf, wxy)                   =  0.296 
[[Model]]
    g_n
[[Fit Statistics]]
    # function evals   = 16
    # data points      = 155
    # variables        = 2
    chi-square         = 41.596
    reduced chi-square = 0.272
[[Variables]]
    C:          0.8125 (fixed)
    D:          400.7 (fixed)
    a:          0.652 (fixed)
    lambdaem:   0.657 (fixed)
    lambdaex:   0.633 (fixed)
    n:          1.33 (fixed)
    r0:         0.15762771 +/- 0.000668 (0.42%) (init= 0.15)
    w0:         0.36931128 +/- 0.002545 (0.69%) (init= 0.26)
[[Correlations]] (unreported correlations are <  0.100)
[[Model]]
    g_nt
[[Fit Statistics]]
    # function evals   = 31
    # data points      = 155
    # variables        = 4
    chi-square         = 40.074
    reduced chi-square = 0.265
[[Variables]]
    C:          0.8125 (fixed)
    D:          400.7 (fixed)
    F:          0.04403214 +/- 0.024089 (54.71%) (init= 0.04362699)
    a:          0.652 (fixed)
    lambdaem:   0.657 (fixed)
    lambdaex:   0.633 (fixed)
    n:          1.33 (fixed)
    r0:         0.15725184 +/- 0.000703 (0.45%) (init= 0.1576277)
    tf:         1.3770e-06 +/- 1.18e-06 (85.80%) (init= 1.248779e-06)
    w0:         0.37143299 +/- 0.002831 (0.76%) (init= 0.3693113)
[[Correlations]] (unreported correlations are <  0.100)
    C(tf, w0)                    =  0.326 
