Color: B
[[Model]]
    Model(g)
[[Fit Statistics]]
    # function evals   = 22
    # data points      = 155
    # variables        = 2
    chi-square         = 19.030
    reduced chi-square = 0.124
[[Variables]]
    C:     0.828906 (fixed)
    wxy:   0.30449025 +/- 0.001148 (0.38%) (init= 0.3)
    D:     419.01 (fixed)
    wz:    2.83671199 +/- 0.012522 (0.44%) (init= 1)
[[Correlations]] (unreported correlations are <  0.100)
    C(wxy, wz)                   = -0.890 
[[Model]]
    Model(g_t)
[[Fit Statistics]]
    # function evals   = 81
    # data points      = 155
    # variables        = 4
    chi-square         = 4.784
    reduced chi-square = 0.032
[[Variables]]
    C:     0.828906 (fixed)
    D:     419.01 (fixed)
    F:     0.12887339 +/- 0.005549 (4.31%) (init= 0.1)
    wxy:   0.31625779 +/- 0.001059 (0.34%) (init= 0.3)
    tf:    6.7392e-06 +/- 6.39e-07 (9.48%) (init= 1e-07)
    wz:    2.76312360 +/- 0.007952 (0.29%) (init= 1)
[[Correlations]] (unreported correlations are <  0.100)
    C(wxy, wz)                   = -0.905 
    C(wxy, tf)                   =  0.626 
    C(tf, wz)                    = -0.436 
    C(F, wxy)                    =  0.427 
    C(F, wz)                     = -0.358 
    C(F, tf)                     = -0.167 
[[Model]]
    Model(g_n)
[[Fit Statistics]]
    # function evals   = 16
    # data points      = 155
    # variables        = 2
    chi-square         = 29.639
    reduced chi-square = 0.194
[[Variables]]
    a:          0.522 (fixed)
    C:          0.828906 (fixed)
    r0:         0.12207261 +/- 0.000501 (0.41%) (init= 0.15)
    D:          419.01 (fixed)
    lambdaem:   0.519 (fixed)
    w0:         0.26931550 +/- 0.002398 (0.89%) (init= 0.26)
    lambdaex:   0.488 (fixed)
    n:          1.33 (fixed)
[[Correlations]] (unreported correlations are <  0.100)
    C(r0, w0)                    = -0.873 
[[Model]]
    Model(g_nt)
[[Fit Statistics]]
    # function evals   = 103
    # data points      = 155
    # variables        = 4
    chi-square         = 12.542
    reduced chi-square = 0.083
[[Variables]]
    a:          0.522 (fixed)
    C:          0.828906 (fixed)
    r0:         0.11536697 +/- 0.000813 (0.70%) (init= 0.1220726)
    D:          419.01 (fixed)
    F:          0.20127708 +/- 0.014684 (7.30%) (init= 0.1288734)
    lambdaem:   0.519 (fixed)
    w0:         0.32910819 +/- 0.006399 (1.94%) (init= 0.2693155)
    tf:         2.2557e-05 +/- 2.06e-06 (9.12%) (init= 6.739237e-06)
    lambdaex:   0.488 (fixed)
    n:          1.33 (fixed)
[[Correlations]] (unreported correlations are <  0.100)
    C(F, w0)                     =  0.946 
    C(r0, w0)                    = -0.934 
    C(r0, F)                     = -0.845 
    C(w0, tf)                    =  0.768 
    C(F, tf)                     =  0.659 
    C(r0, tf)                    = -0.579 
Color: R
[[Model]]
    Model(g)
[[Fit Statistics]]
    # function evals   = 22
    # data points      = 155
    # variables        = 2
    chi-square         = 150.706
    reduced chi-square = 0.985
[[Variables]]
    C:     0.8125 (fixed)
    wxy:   0.40415428 +/- 0.002699 (0.67%) (init= 0.3)
    D:     400.7 (fixed)
    wz:    3.61712081 +/- 0.030613 (0.85%) (init= 1)
[[Correlations]] (unreported correlations are <  0.100)
    C(wxy, wz)                   = -0.913 
[[Model]]
    Model(g_t)
[[Fit Statistics]]
    # function evals   = 69
    # data points      = 155
    # variables        = 4
    chi-square         = 149.981
    reduced chi-square = 0.993
[[Variables]]
    C:     0.8125 (fixed)
    D:     400.7 (fixed)
    F:     0.04154159 +/- 0.067414 (162.28%) (init= 0.1)
    wxy:   0.40470791 +/- 0.002872 (0.71%) (init= 0.3)
    tf:    8.6351e-07 +/- 2.11e-06 (244.72%) (init= 1e-07)
    wz:    3.61300757 +/- 0.031501 (0.87%) (init= 1)
[[Correlations]] (unreported correlations are <  0.100)
    C(wxy, wz)                   = -0.914 
    C(F, tf)                     = -0.722 
    C(wxy, tf)                   =  0.230 
    C(tf, wz)                    = -0.154 
[[Model]]
    Model(g_n)
[[Fit Statistics]]
    # function evals   = 16
    # data points      = 155
    # variables        = 2
    chi-square         = 117.438
    reduced chi-square = 0.768
[[Variables]]
    a:          0.652 (fixed)
    C:          0.8125 (fixed)
    r0:         0.15798341 +/- 0.000939 (0.59%) (init= 0.15)
    D:          400.7 (fixed)
    lambdaem:   0.657 (fixed)
    w0:         0.36789809 +/- 0.003895 (1.06%) (init= 0.26)
    lambdaex:   0.633 (fixed)
    n:          1.33 (fixed)
[[Correlations]] (unreported correlations are <  0.100)
    C(r0, w0)                    = -0.912 
[[Model]]
    Model(g_nt)
[[Fit Statistics]]
    # function evals   = 31
    # data points      = 155
    # variables        = 4
    chi-square         = 116.411
    reduced chi-square = 0.771
[[Variables]]
    a:          0.652 (fixed)
    C:          0.8125 (fixed)
    r0:         0.15777653 +/- 0.000982 (0.62%) (init= 0.1579834)
    D:          400.7 (fixed)
    F:          0.04327938 +/- 0.049676 (114.78%) (init= 0.04154159)
    lambdaem:   0.657 (fixed)
    w0:         0.36923193 +/- 0.004254 (1.15%) (init= 0.3678981)
    tf:         1.1609e-06 +/- 2.09e-06 (180.37%) (init= 8.635143e-07)
    lambdaex:   0.633 (fixed)
    n:          1.33 (fixed)
[[Correlations]] (unreported correlations are <  0.100)
    C(r0, w0)                    = -0.913 
    C(F, tf)                     = -0.690 
    C(w0, tf)                    =  0.280 
    C(r0, tf)                    = -0.185 
