Color: B
[[Model]]
    noise
[[Fit Statistics]]
    # function evals   = 6
    # data points      = 155
    # variables        = 2
    chi-square         = 0.019
    reduced chi-square = 0.000
[[Variables]]
    a:    1.5236e-05 +/- 4.76e-07 (3.12%) (init= 1e-05)
    b:    3.9399e-06 +/- 3.90e-06 (99.01%) (init= 0)
    p:    0.33 (fixed)
    tc:   5.728714e-05 (fixed)
[[Correlations]] (unreported correlations are <  0.100)
[[Model]]
    g
[[Fit Statistics]]
    # function evals   = 22
    # data points      = 155
    # variables        = 2
    chi-square         = 48.243
    reduced chi-square = 0.315
[[Variables]]
    C:     3.315625 (fixed)
    D:     419.01 (fixed)
    wxy:   0.30280548 +/- 0.001340 (0.44%) (init= 0.3)
    wz:    2.84191580 +/- 0.016243 (0.57%) (init= 1)
[[Correlations]] (unreported correlations are <  0.100)
[[Model]]
    g_t
[[Fit Statistics]]
    # function evals   = 74
    # data points      = 155
    # variables        = 4
    chi-square         = 6.659
    reduced chi-square = 0.044
[[Variables]]
    C:     3.315625 (fixed)
    D:     419.01 (fixed)
    F:     0.14200685 +/- 0.004148 (2.92%) (init= 0.1)
    tf:    6.1503e-06 +/- 4.09e-07 (6.65%) (init= 1e-07)
    wxy:   0.31826577 +/- 0.000958 (0.30%) (init= 0.3)
    wz:    2.73086913 +/- 0.007862 (0.29%) (init= 1)
[[Correlations]] (unreported correlations are <  0.100)
    C(tf, wxy)                   =  0.634 
    C(F, wxy)                    =  0.472 
[[Model]]
    g_n
[[Fit Statistics]]
    # function evals   = 16
    # data points      = 155
    # variables        = 2
    chi-square         = 54.929
    reduced chi-square = 0.359
[[Variables]]
    C:          3.315625 (fixed)
    D:          419.01 (fixed)
    a:          0.522 (fixed)
    lambdaem:   0.519 (fixed)
    lambdaex:   0.488 (fixed)
    n:          1.33 (fixed)
    r0:         0.12258521 +/- 0.000525 (0.43%) (init= 0.15)
    w0:         0.26490615 +/- 0.002344 (0.89%) (init= 0.26)
[[Correlations]] (unreported correlations are <  0.100)
[[Model]]
    g_nt
[[Fit Statistics]]
    # function evals   = 51
    # data points      = 155
    # variables        = 4
    chi-square         = 16.024
    reduced chi-square = 0.106
[[Variables]]
    C:          3.315625 (fixed)
    D:          419.01 (fixed)
    F:          0.15166319 +/- 0.007032 (4.64%) (init= 0.1420069)
    a:          0.522 (fixed)
    lambdaem:   0.519 (fixed)
    lambdaex:   0.488 (fixed)
    n:          1.33 (fixed)
    r0:         0.11799601 +/- 0.000495 (0.42%) (init= 0.1225852)
    tf:         8.1080e-06 +/- 8.03e-07 (9.90%) (init= 6.150313e-06)
    w0:         0.29800209 +/- 0.002941 (0.99%) (init= 0.2649062)
[[Correlations]] (unreported correlations are <  0.100)
    C(F, w0)                     =  0.702 
    C(tf, w0)                    =  0.695 
    C(F, tf)                     =  0.223 
Color: R
[[Model]]
    noise
[[Fit Statistics]]
    # function evals   = 7
    # data points      = 155
    # variables        = 2
    chi-square         = 0.004
    reduced chi-square = 0.000
[[Variables]]
    a:    1.3620e-06 +/- 5.12e-08 (3.76%) (init= 1e-05)
    b:    2.2089e-06 +/- 8.39e-07 (38.00%) (init= 0)
    p:    0.33 (fixed)
    tc:   0.0001021142 (fixed)
[[Correlations]] (unreported correlations are <  0.100)
[[Model]]
    g
[[Fit Statistics]]
    # function evals   = 22
    # data points      = 155
    # variables        = 2
    chi-square         = 17.173
    reduced chi-square = 0.112
[[Variables]]
    C:     3.25 (fixed)
    D:     400.7 (fixed)
    wxy:   0.40180745 +/- 0.000894 (0.22%) (init= 0.3)
    wz:    3.21687067 +/- 0.010286 (0.32%) (init= 1)
[[Correlations]] (unreported correlations are <  0.100)
[[Model]]
    g_t
[[Fit Statistics]]
    # function evals   = 36
    # data points      = 155
    # variables        = 4
    chi-square         = 17.173
    reduced chi-square = 0.114
[[Variables]]
    C:     3.25 (fixed)
    D:     400.7 (fixed)
    F:     0.13756169 +/- 0        (0.00%) (init= 0.1)
    tf:    2.8855e-09 +/- 0        (0.00%) (init= 1e-07)
    wxy:   0.40180744 +/- 0        (0.00%) (init= 0.3)
    wz:    3.21687069 +/- 0        (0.00%) (init= 1)
[[Correlations]] (unreported correlations are <  0.100)
[[Model]]
    g_n
[[Fit Statistics]]
    # function evals   = 16
    # data points      = 155
    # variables        = 2
    chi-square         = 26.887
    reduced chi-square = 0.176
[[Variables]]
    C:          3.25 (fixed)
    D:          400.7 (fixed)
    a:          0.652 (fixed)
    lambdaem:   0.657 (fixed)
    lambdaex:   0.633 (fixed)
    n:          1.33 (fixed)
    r0:         0.14228814 +/- 0.000475 (0.33%) (init= 0.15)
    w0:         0.37141097 +/- 0.001763 (0.47%) (init= 0.26)
[[Correlations]] (unreported correlations are <  0.100)
[[Model]]
    g_nt
[[Fit Statistics]]
    # function evals   = 5
    # data points      = 155
    # variables        = 4
    chi-square         = 26.887
    reduced chi-square = 0.178
[[Variables]]
    C:          3.25 (fixed)
    D:          400.7 (fixed)
    F:          0.13756169 +/- 0        (0.00%) (init= 0.1375617)
    a:          0.652 (fixed)
    lambdaem:   0.657 (fixed)
    lambdaex:   0.633 (fixed)
    n:          1.33 (fixed)
    r0:         0.14228814 +/- 0        (0.00%) (init= 0.1422881)
    tf:         2.8855e-09 +/- 0        (0.00%) (init= 2.885482e-09)
    w0:         0.37141097 +/- 0        (0.00%) (init= 0.371411)
[[Correlations]] (unreported correlations are <  0.100)
