Color: B
[[Model]]
    Model(g)
[[Fit Statistics]]
    # function evals   = 22
    # data points      = 155
    # variables        = 2
    chi-square         = 88.463
    reduced chi-square = 0.578
[[Variables]]
    C:     6.63125 (fixed)
    wxy:   0.31136430 +/- 0.001961 (0.63%) (init= 0.3)
    D:     419.01 (fixed)
    wz:    2.96295587 +/- 0.023116 (0.78%) (init= 1)
[[Correlations]] (unreported correlations are <  0.100)
    C(wxy, wz)                   = -0.905 
[[Model]]
    Model(g_t)
[[Fit Statistics]]
    # function evals   = 68
    # data points      = 155
    # variables        = 4
    chi-square         = 47.700
    reduced chi-square = 0.316
[[Variables]]
    C:     6.63125 (fixed)
    D:     419.01 (fixed)
    F:     0.15353938 +/- 0.011958 (7.79%) (init= 0.1)
    wxy:   0.32851923 +/- 0.002842 (0.87%) (init= 0.3)
    tf:    7.3176e-06 +/- 1.30e-06 (17.77%) (init= 1e-07)
    wz:    2.84689098 +/- 0.022100 (0.78%) (init= 1)
[[Correlations]] (unreported correlations are <  0.100)
    C(wxy, wz)                   = -0.916 
    C(wxy, tf)                   =  0.641 
    C(F, wxy)                    =  0.510 
    C(tf, wz)                    = -0.456 
    C(F, wz)                     = -0.431 
[[Model]]
    Model(g_n)
[[Fit Statistics]]
    # function evals   = 16
    # data points      = 155
    # variables        = 2
    chi-square         = 115.423
    reduced chi-square = 0.754
[[Variables]]
    a:          0.522 (fixed)
    C:          6.63125 (fixed)
    r0:         0.12835240 +/- 0.000822 (0.64%) (init= 0.15)
    D:          419.01 (fixed)
    lambdaem:   0.519 (fixed)
    w0:         0.27229391 +/- 0.003699 (1.36%) (init= 0.26)
    lambdaex:   0.488 (fixed)
    n:          1.33 (fixed)
[[Correlations]] (unreported correlations are <  0.100)
    C(r0, w0)                    = -0.886 
[[Model]]
    Model(g_nt)
[[Fit Statistics]]
    # function evals   = 116
    # data points      = 155
    # variables        = 4
    chi-square         = 76.153
    reduced chi-square = 0.504
[[Variables]]
    a:          0.522 (fixed)
    C:          6.63125 (fixed)
    r0:         0.12233368 +/- 0.001312 (1.07%) (init= 0.1283524)
    D:          419.01 (fixed)
    F:          0.17704077 +/- 0.018552 (10.48%) (init= 0.1535394)
    lambdaem:   0.519 (fixed)
    w0:         0.31770440 +/- 0.008358 (2.63%) (init= 0.2722939)
    tf:         1.2545e-05 +/- 2.46e-06 (19.62%) (init= 7.317636e-06)
    lambdaex:   0.488 (fixed)
    n:          1.33 (fixed)
[[Correlations]] (unreported correlations are <  0.100)
    C(r0, w0)                    = -0.929 
    C(F, w0)                     =  0.831 
    C(w0, tf)                    =  0.729 
    C(r0, F)                     = -0.725 
    C(r0, tf)                    = -0.540 
    C(F, tf)                     =  0.434 
Color: R
[[Model]]
    Model(g)
[[Fit Statistics]]
    # function evals   = 22
    # data points      = 155
    # variables        = 2
    chi-square         = 110.371
    reduced chi-square = 0.721
[[Variables]]
    C:     6.5 (fixed)
    wxy:   0.41748832 +/- 0.002101 (0.50%) (init= 0.3)
    D:     400.7 (fixed)
    wz:    3.39644753 +/- 0.022359 (0.66%) (init= 1)
[[Correlations]] (unreported correlations are <  0.100)
    C(wxy, wz)                   = -0.924 
[[Model]]
    Model(g_t)
[[Fit Statistics]]
    # function evals   = 114
    # data points      = 155
    # variables        = 4
    chi-square         = 107.004
    reduced chi-square = 0.709
[[Variables]]
    C:     6.5 (fixed)
    D:     400.7 (fixed)
    F:     0.03465132 +/- 0.016940 (48.89%) (init= 0.1)
    wxy:   0.42066995 +/- 0.003061 (0.73%) (init= 0.3)
    tf:    6.8651e-06 +/- 6.50e-06 (94.71%) (init= 1e-07)
    wz:    3.37468214 +/- 0.026384 (0.78%) (init= 1)
[[Correlations]] (unreported correlations are <  0.100)
    C(wxy, wz)                   = -0.928 
    C(wxy, tf)                   =  0.547 
    C(F, tf)                     = -0.410 
    C(tf, wz)                    = -0.393 
    C(F, wxy)                    =  0.214 
    C(F, wz)                     = -0.185 
[[Model]]
    Model(g_n)
[[Fit Statistics]]
    # function evals   = 16
    # data points      = 155
    # variables        = 2
    chi-square         = 152.312
    reduced chi-square = 0.996
[[Variables]]
    a:          0.652 (fixed)
    C:          6.5 (fixed)
    r0:         0.15069842 +/- 0.001006 (0.67%) (init= 0.15)
    D:          400.7 (fixed)
    lambdaem:   0.657 (fixed)
    w0:         0.38750063 +/- 0.003911 (1.01%) (init= 0.26)
    lambdaex:   0.633 (fixed)
    n:          1.33 (fixed)
[[Correlations]] (unreported correlations are <  0.100)
    C(r0, w0)                    = -0.931 
[[Model]]
    Model(g_nt)
[[Fit Statistics]]
    # function evals   = 73
    # data points      = 155
    # variables        = 4
    chi-square         = 135.339
    reduced chi-square = 0.896
[[Variables]]
    a:          0.652 (fixed)
    C:          6.5 (fixed)
    r0:         0.13722596 +/- 0.004067 (2.96%) (init= 0.1506984)
    D:          400.7 (fixed)
    F:          0.24136596 +/- 0.054081 (22.41%) (init= 0.03465133)
    lambdaem:   0.657 (fixed)
    w0:         0.50335378 +/- 0.032687 (6.49%) (init= 0.3875006)
    tf:         8.5768e-05 +/- 9.97e-06 (11.63%) (init= 6.865127e-06)
    lambdaex:   0.633 (fixed)
    n:          1.33 (fixed)
[[Correlations]] (unreported correlations are <  0.100)
    C(F, w0)                     =  0.991 
    C(r0, w0)                    = -0.965 
    C(r0, F)                     = -0.929 
    C(F, tf)                     =  0.717 
    C(w0, tf)                    =  0.700 
    C(r0, tf)                    = -0.534 
