Color: B
[[Model]]
    noise
[[Fit Statistics]]
    # function evals   = 7
    # data points      = 155
    # variables        = 2
    chi-square         = 0.001
    reduced chi-square = 0.000
[[Variables]]
    a:    7.1301e-07 +/- 2.73e-08 (3.83%) (init= 1e-05)
    b:    4.5315e-07 +/- 2.71e-07 (59.70%) (init= 0)
    p:    0.33 (fixed)
    tc:   5.946592e-05 (fixed)
[[Correlations]] (unreported correlations are <  0.100)
[[Model]]
    g
[[Fit Statistics]]
    # function evals   = 22
    # data points      = 155
    # variables        = 2
    chi-square         = 99.189
    reduced chi-square = 0.648
[[Variables]]
    C:     13.2625 (fixed)
    D:     419.01 (fixed)
    wxy:   0.30598634 +/- 0.001976 (0.65%) (init= 0.3)
    wz:    2.81660796 +/- 0.024560 (0.87%) (init= 1)
[[Correlations]] (unreported correlations are <  0.100)
[[Model]]
    g_t
[[Fit Statistics]]
    # function evals   = 61
    # data points      = 155
    # variables        = 4
    chi-square         = 46.843
    reduced chi-square = 0.310
[[Variables]]
    C:     13.2625 (fixed)
    D:     419.01 (fixed)
    F:     0.15032586 +/- 0.010358 (6.89%) (init= 0.1)
    tf:    7.6625e-06 +/- 1.20e-06 (15.63%) (init= 1e-07)
    wxy:   0.32726805 +/- 0.003048 (0.93%) (init= 0.3)
    wz:    2.66101401 +/- 0.023683 (0.89%) (init= 1)
[[Correlations]] (unreported correlations are <  0.100)
    C(tf, wxy)                   =  0.677 
    C(F, wxy)                    =  0.637 
    C(F, tf)                     =  0.127 
[[Model]]
    g_n
[[Fit Statistics]]
    # function evals   = 16
    # data points      = 155
    # variables        = 2
    chi-square         = 115.357
    reduced chi-square = 0.754
[[Variables]]
    C:          13.2625 (fixed)
    D:          419.01 (fixed)
    a:          0.522 (fixed)
    lambdaem:   0.519 (fixed)
    lambdaex:   0.488 (fixed)
    n:          1.33 (fixed)
    r0:         0.12229263 +/- 0.000815 (0.67%) (init= 0.15)
    w0:         0.26850799 +/- 0.003434 (1.28%) (init= 0.26)
[[Correlations]] (unreported correlations are <  0.100)
[[Model]]
    g_nt
[[Fit Statistics]]
    # function evals   = 81
    # data points      = 155
    # variables        = 4
    chi-square         = 66.845
    reduced chi-square = 0.443
[[Variables]]
    C:          13.2625 (fixed)
    D:          419.01 (fixed)
    F:          0.17097708 +/- 0.015735 (9.20%) (init= 0.1503259)
    a:          0.522 (fixed)
    lambdaem:   0.519 (fixed)
    lambdaex:   0.488 (fixed)
    n:          1.33 (fixed)
    r0:         0.11502506 +/- 0.001315 (1.14%) (init= 0.1222926)
    tf:         1.1127e-05 +/- 1.90e-06 (17.04%) (init= 7.662524e-06)
    w0:         0.31643077 +/- 0.007610 (2.41%) (init= 0.268508)
[[Correlations]] (unreported correlations are <  0.100)
    C(F, w0)                     =  0.854 
    C(tf, w0)                    =  0.738 
    C(F, tf)                     =  0.492 
Color: R
[[Model]]
    noise
[[Fit Statistics]]
    # function evals   = 7
    # data points      = 155
    # variables        = 2
    chi-square         = 0.000
    reduced chi-square = 0.000
[[Variables]]
    a:    7.4870e-08 +/- 2.60e-09 (3.47%) (init= 1e-05)
    b:    1.2209e-07 +/- 4.67e-08 (38.28%) (init= 0)
    p:    0.33 (fixed)
    tc:   0.0001043566 (fixed)
[[Correlations]] (unreported correlations are <  0.100)
[[Model]]
    g
[[Fit Statistics]]
    # function evals   = 22
    # data points      = 155
    # variables        = 2
    chi-square         = 191.082
    reduced chi-square = 1.249
[[Variables]]
    C:     13 (fixed)
    D:     400.7 (fixed)
    wxy:   0.40825893 +/- 0.002764 (0.68%) (init= 0.3)
    wz:    2.99508787 +/- 0.029256 (0.98%) (init= 1)
[[Correlations]] (unreported correlations are <  0.100)
[[Model]]
    g_t
[[Fit Statistics]]
    # function evals   = 152
    # data points      = 155
    # variables        = 4
    chi-square         = 183.246
    reduced chi-square = 1.214
[[Variables]]
    C:     13 (fixed)
    D:     400.7 (fixed)
    F:     0.15379081 +/- 0.080642 (52.44%) (init= 0.1)
    tf:    7.7685e-05 +/- 1.84e-05 (23.73%) (init= 1e-07)
    wxy:   0.45815310 +/- 0.030195 (6.59%) (init= 0.3)
    wz:    2.79903287 +/- 0.099679 (3.56%) (init= 1)
[[Correlations]] (unreported correlations are <  0.100)
    C(F, wxy)                    =  0.994 
    C(F, tf)                     =  0.765 
    C(tf, wxy)                   =  0.744 
[[Model]]
    g_n
[[Fit Statistics]]
    # function evals   = 13
    # data points      = 155
    # variables        = 2
    chi-square         = 242.616
    reduced chi-square = 1.586
[[Variables]]
    C:          13 (fixed)
    D:          400.7 (fixed)
    a:          0.652 (fixed)
    lambdaem:   0.657 (fixed)
    lambdaex:   0.633 (fixed)
    n:          1.33 (fixed)
    r0:         0.13330957 +/- 0.001320 (0.99%) (init= 0.15)
    w0:         0.38502444 +/- 0.004840 (1.26%) (init= 0.26)
[[Correlations]] (unreported correlations are <  0.100)
[[Model]]
    g_nt
[[Fit Statistics]]
    # function evals   = 51
    # data points      = 155
    # variables        = 4
    chi-square         = 213.220
    reduced chi-square = 1.412
[[Variables]]
    C:          13 (fixed)
    D:          400.7 (fixed)
    F:          0.34262958 +/- 0.061246 (17.88%) (init= 0.1537908)
    a:          0.652 (fixed)
    lambdaem:   0.657 (fixed)
    lambdaex:   0.633 (fixed)
    n:          1.33 (fixed)
    r0:         0.10786975 +/- 0.007181 (6.66%) (init= 0.1333096)
    tf:         8.4619e-05 +/- 8.00e-06 (9.45%) (init= 7.768456e-05)
    w0:         0.57922183 +/- 0.052394 (9.05%) (init= 0.3850244)
[[Correlations]] (unreported correlations are <  0.100)
    C(F, w0)                     =  0.988 
    C(F, tf)                     =  0.715 
    C(tf, w0)                    =  0.665 
