Color: B
[[Model]]
    Model(g)
[[Fit Statistics]]
    # function evals   = 22
    # data points      = 155
    # variables        = 2
    chi-square         = 191.832
    reduced chi-square = 1.254
[[Variables]]
    C:     13.2625 (fixed)
    wxy:   0.31051772 +/- 0.002614 (0.84%) (init= 0.3)
    D:     419.01 (fixed)
    wz:    2.76740473 +/- 0.029292 (1.06%) (init= 1)
[[Correlations]] (unreported correlations are <  0.100)
    C(wxy, wz)                   = -0.913 
[[Model]]
    Model(g_t)
[[Fit Statistics]]
    # function evals   = 66
    # data points      = 155
    # variables        = 4
    chi-square         = 138.610
    reduced chi-square = 0.918
[[Variables]]
    C:     13.2625 (fixed)
    D:     419.01 (fixed)
    F:     0.15758390 +/- 0.018498 (11.74%) (init= 0.1)
    wxy:   0.33214381 +/- 0.005254 (1.58%) (init= 0.3)
    tf:    9.7871e-06 +/- 2.51e-06 (25.60%) (init= 1e-07)
    wz:    2.62958231 +/- 0.035543 (1.35%) (init= 1)
[[Correlations]] (unreported correlations are <  0.100)
    C(wxy, wz)                   = -0.928 
    C(wxy, tf)                   =  0.693 
    C(F, wxy)                    =  0.662 
    C(F, wz)                     = -0.578 
    C(tf, wz)                    = -0.513 
    C(F, tf)                     =  0.159 
[[Model]]
    Model(g_n)
[[Fit Statistics]]
    # function evals   = 16
    # data points      = 155
    # variables        = 2
    chi-square         = 239.731
    reduced chi-square = 1.567
[[Variables]]
    a:          0.522 (fixed)
    C:          13.2625 (fixed)
    r0:         0.12055326 +/- 0.001088 (0.90%) (init= 0.15)
    D:          419.01 (fixed)
    lambdaem:   0.519 (fixed)
    w0:         0.27663355 +/- 0.004751 (1.72%) (init= 0.26)
    lambdaex:   0.488 (fixed)
    n:          1.33 (fixed)
[[Correlations]] (unreported correlations are <  0.100)
    C(r0, w0)                    = -0.906 
[[Model]]
    Model(g_nt)
[[Fit Statistics]]
    # function evals   = 106
    # data points      = 155
    # variables        = 4
    chi-square         = 180.132
    reduced chi-square = 1.193
[[Variables]]
    a:          0.522 (fixed)
    C:          13.2625 (fixed)
    r0:         0.10915230 +/- 0.002724 (2.50%) (init= 0.1205533)
    D:          419.01 (fixed)
    F:          0.24480158 +/- 0.035795 (14.62%) (init= 0.1575839)
    lambdaem:   0.519 (fixed)
    w0:         0.35992845 +/- 0.018213 (5.06%) (init= 0.2766336)
    tf:         2.3532e-05 +/- 4.30e-06 (18.27%) (init= 9.787123e-06)
    lambdaex:   0.488 (fixed)
    n:          1.33 (fixed)
[[Correlations]] (unreported correlations are <  0.100)
    C(r0, w0)                    = -0.955 
    C(F, w0)                     =  0.955 
    C(r0, F)                     = -0.875 
    C(w0, tf)                    =  0.770 
    C(F, tf)                     =  0.691 
    C(r0, tf)                    = -0.615 
Color: R
[[Model]]
    Model(g)
[[Fit Statistics]]
    # function evals   = 22
    # data points      = 155
    # variables        = 2
    chi-square         = 277.846
    reduced chi-square = 1.816
[[Variables]]
    C:     13 (fixed)
    wxy:   0.40972566 +/- 0.002928 (0.71%) (init= 0.3)
    D:     400.7 (fixed)
    wz:    2.98238727 +/- 0.028710 (0.96%) (init= 1)
[[Correlations]] (unreported correlations are <  0.100)
    C(wxy, wz)                   = -0.934 
[[Model]]
    Model(g_t)
[[Fit Statistics]]
    # function evals   = 148
    # data points      = 155
    # variables        = 4
    chi-square         = 265.076
    reduced chi-square = 1.755
[[Variables]]
    C:     13 (fixed)
    D:     400.7 (fixed)
    F:     0.19231080 +/- 0.080672 (41.95%) (init= 0.1)
    wxy:   0.47310496 +/- 0.032477 (6.86%) (init= 0.3)
    tf:    8.8857e-05 +/- 1.57e-05 (17.70%) (init= 1e-07)
    wz:    2.76257302 +/- 0.098297 (3.56%) (init= 1)
[[Correlations]] (unreported correlations are <  0.100)
    C(F, wxy)                    =  0.994 
    C(wxy, wz)                   = -0.958 
    C(F, wz)                     = -0.929 
    C(F, tf)                     =  0.693 
    C(wxy, tf)                   =  0.677 
    C(tf, wz)                    = -0.491 
[[Model]]
    Model(g_n)
[[Fit Statistics]]
    # function evals   = 13
    # data points      = 155
    # variables        = 2
    chi-square         = 365.927
    reduced chi-square = 2.392
[[Variables]]
    a:          0.652 (fixed)
    C:          13 (fixed)
    r0:         0.13244729 +/- 0.001350 (1.02%) (init= 0.15)
    D:          400.7 (fixed)
    lambdaem:   0.657 (fixed)
    w0:         0.38872614 +/- 0.005236 (1.35%) (init= 0.26)
    lambdaex:   0.633 (fixed)
    n:          1.33 (fixed)
[[Correlations]] (unreported correlations are <  0.100)
    C(r0, w0)                    = -0.945 
[[Model]]
    Model(g_nt)
[[Fit Statistics]]
    # function evals   = 52
    # data points      = 155
    # variables        = 4
    chi-square         = 312.328
    reduced chi-square = 2.068
[[Variables]]
    a:          0.652 (fixed)
    C:          13 (fixed)
    r0:         0.10340808 +/- 0.007343 (7.10%) (init= 0.1324473)
    D:          400.7 (fixed)
    F:          0.38508468 +/- 0.055157 (14.32%) (init= 0.1923108)
    lambdaem:   0.657 (fixed)
    w0:         0.61760416 +/- 0.054903 (8.89%) (init= 0.3887261)
    tf:         9.2051e-05 +/- 7.61e-06 (8.26%) (init= 8.88575e-05)
    lambdaex:   0.633 (fixed)
    n:          1.33 (fixed)
[[Correlations]] (unreported correlations are <  0.100)
    C(F, w0)                     =  0.987 
    C(r0, w0)                    = -0.981 
    C(r0, F)                     = -0.941 
    C(F, tf)                     =  0.685 
    C(w0, tf)                    =  0.643 
    C(r0, tf)                    = -0.516 
