[[Fit Statistics]]
    # function evals   = 39
    # data points      = 423
    # variables        = 3
    chi-square         = 633.841
    reduced chi-square = 1.509
[[Variables]]
    C_BR01562:   0.8 (fixed)
    C_BR03125:   1.6 (fixed)
    C_BR06250:   3.2 (fixed)
    D:           404.98 (fixed)
    wxy:         0.37701931 +/- 0.002122 (0.56%) (init= 0.25)
    wz:          2.47440358 +/- 0.122556 (4.95%) (init= 0.7)
    slope:       2.00223329 +/- 0.086926 (4.34%) (init= 1)
[[Correlations]] (unreported correlations are <  0.100)
    C(wz, slope)                 = -0.994 
    C(wxy, wz)                   = -0.718 
    C(wxy, slope)                =  0.642 
[[Fit Statistics]]
    # function evals   = 87
    # data points      = 423
    # variables        = 5
    chi-square         = 610.205
    reduced chi-square = 1.460
[[Variables]]
    C_BR01562:   0.8 (fixed)
    C_BR03125:   1.6 (fixed)
    C_BR06250:   3.2 (fixed)
    D:           404.98 (fixed)
    wxy:         0.38502397 +/- 0.003931 (1.02%) (init= 0.25)
    wz:          2.29478593 +/- 0.121940 (5.31%) (init= 0.7)
    slope:       2.11334801 +/- 0.092152 (4.36%) (init= 1)
    F:           0.05394162 +/- 0.012972 (24.05%) (init= 0.05)
    tf:          8.6488e-06 +/- 4.39e-06 (50.73%) (init= 1e-06)
[[Correlations]] (unreported correlations are <  0.100)
    C(wz, slope)                 = -0.990 
    C(wxy, wz)                   = -0.774 
    C(wxy, slope)                =  0.686 
    C(wxy, tf)                   =  0.642 
    C(wxy, F)                    =  0.440 
    C(wz, tf)                    = -0.361 
    C(wz, F)                     = -0.306 
    C(slope, tf)                 =  0.301 
    C(slope, F)                  =  0.265 
    C(F, tf)                     = -0.124 
[[Fit Statistics]]
    # function evals   = 23
    # data points      = 423
    # variables        = 3
    chi-square         = 619.771
    reduced chi-square = 1.476
[[Variables]]
    C_BR01562:   0.8 (fixed)
    C_BR03125:   1.6 (fixed)
    C_BR06250:   3.2 (fixed)
    D:           404.98 (fixed)
    w0:          0.33029257 +/- 0.004757 (1.44%) (init= 0.3162852)
    a:           0.652 (fixed)
    r0:          0.14309966 +/- 0.004243 (2.97%) (init= 0.1580067)
    lambdaex:    0.633 (fixed)
    lambdaem:    0.657 (fixed)
    n:           1.33 (fixed)
    slope:       1.68539892 +/- 0.046195 (2.74%) (init= 1)
[[Correlations]] (unreported correlations are <  0.100)
    C(r0, slope)                 = -0.990 
    C(w0, r0)                    = -0.904 
    C(w0, slope)                 =  0.845 
[[Fit Statistics]]
    # function evals   = 23
    # data points      = 423
    # variables        = 3
    chi-square         = 616.396
    reduced chi-square = 1.468
[[Variables]]
    C_BR01562:   0.8 (fixed)
    C_BR03125:   1.6 (fixed)
    C_BR06250:   3.2 (fixed)
    D:           404.98 (fixed)
    w0:          0.31726258 +/- 0.005142 (1.62%) (init= 0.3162852)
    a:           0.652 (fixed)
    r0:          0.18916293 +/- 0.004798 (2.54%) (init= 0.1580067)
    lambdaex:    0.633 (fixed)
    lambdaem:    0.657 (fixed)
    n:           1.33 (fixed)
    slope:       1.78741099 +/- 0.044537 (2.49%) (init= 1)
[[Correlations]] (unreported correlations are <  0.100)
    C(r0, slope)                 = -0.990 
    C(w0, r0)                    = -0.896 
    C(w0, slope)                 =  0.834 
[[Fit Statistics]]
    # function evals   = 45
    # data points      = 423
    # variables        = 5
    chi-square         = 607.691
    reduced chi-square = 1.454
[[Variables]]
    C_BR01562:   0.8 (fixed)
    C_BR03125:   1.6 (fixed)
    C_BR06250:   3.2 (fixed)
    D:           404.98 (fixed)
    w0:          0.33909428 +/- 0.006605 (1.95%) (init= 0.3179173)
    a:           0.652 (fixed)
    r0:          0.13827368 +/- 0.004875 (3.53%) (init= 0.1578244)
    lambdaex:    0.633 (fixed)
    lambdaem:    0.657 (fixed)
    n:           1.33 (fixed)
    slope:       1.73126527 +/- 0.052746 (3.05%) (init= 1)
    F:           0.04785939 +/- 0.017689 (36.96%) (init= 0.03853491)
    tf:          3.9141e-06 +/- 2.73e-06 (69.71%) (init= 1.538638e-06)
[[Correlations]] (unreported correlations are <  0.100)
    C(r0, slope)                 = -0.990 
    C(w0, r0)                    = -0.911 
    C(w0, slope)                 =  0.851 
    C(w0, tf)                    =  0.510 
    C(F, tf)                     = -0.439 
    C(r0, tf)                    = -0.345 
    C(slope, tf)                 =  0.301 
    C(w0, F)                     =  0.189 
    C(r0, F)                     = -0.155 
    C(slope, F)                  =  0.139 
[[Fit Statistics]]
    # function evals   = 39
    # data points      = 423
    # variables        = 5
    chi-square         = 606.874
    reduced chi-square = 1.452
[[Variables]]
    C_BR01562:   0.8 (fixed)
    C_BR03125:   1.6 (fixed)
    C_BR06250:   3.2 (fixed)
    D:           404.98 (fixed)
    w0:          0.32507947 +/- 0.006900 (2.12%) (init= 0.3179173)
    a:           0.652 (fixed)
    r0:          0.18466025 +/- 0.005528 (2.99%) (init= 0.1578244)
    lambdaex:    0.633 (fixed)
    lambdaem:    0.657 (fixed)
    n:           1.33 (fixed)
    slope:       1.82377238 +/- 0.050331 (2.76%) (init= 1)
    F:           0.04631485 +/- 0.020135 (43.47%) (init= 0.03853491)
    tf:          3.0159e-06 +/- 2.36e-06 (78.29%) (init= 1.538638e-06)
[[Correlations]] (unreported correlations are <  0.100)
    C(r0, slope)                 = -0.989 
    C(w0, r0)                    = -0.906 
    C(w0, slope)                 =  0.845 
    C(F, tf)                     = -0.510 
    C(w0, tf)                    =  0.479 
    C(r0, tf)                    = -0.319 
    C(slope, tf)                 =  0.279 
    C(w0, F)                     =  0.134 
    C(r0, F)                     = -0.111 
    C(slope, F)                  =  0.100 
